TEST RUNAAAA 89/ 2000-  2000 I(#/CM**2-SEC) D(#/CM**2-SEC-KEV) MOD/TM=1/1975.0
  2.0000E+00  3.0000E+00  4.0000E+00  5.0000E+00  6.0000E+00  8.0000E+00PRNRGY 1
  1.0000E+01  1.5000E+01  2.0000E+01  2.5000E+01  3.0000E+01  3.5000E+01PRNRGY 2
  4.0000E+01  4.5000E+01  5.0000E+01  5.5000E+01  6.0000E+01  7.0000E+01PRNRGY 3
  8.0000E+01  9.0000E+01  1.0000E+02  1.2500E+02  1.5000E+02  1.7500E+02PRNRGY 4
  2.0000E+02  2.5000E+02  3.0000E+02  3.5000E+02  4.0000E+02  5.0000E+02PRNRGY 5
  1.5041E+04  1.2907E+04  1.1439E+04  1.0350E+04  9.4945E+03  7.9585E+03PRINTG 1
  6.7683E+03  5.2490E+03  4.1359E+03  3.7060E+03  3.3268E+03  3.1103E+03PRINTG 2
  2.9090E+03  2.7217E+03  2.5472E+03  2.4087E+03  2.2780E+03  2.0383E+03PRINTG 3
  1.8246E+03  1.6341E+03  1.4641E+03  1.1173E+03  8.5406E+02  6.5374E+02PRINTG 4
  5.0103E+02  3.0759E+02  1.8930E+02  1.1674E+02  7.2127E+01  2.7648E+01PRINTG 5
  2.2429E+00  1.7283E+00  1.2968E+00  1.0023E+00  8.3957E-01  6.4617E-01PRDIFF 1
  4.6896E-01  2.5293E-01  1.4711E-01  9.0405E-02  5.9338E-02  4.5289E-02PRDIFF 2
  3.9009E-02  3.5226E-02  3.1171E-02  2.7626E-02  2.5356E-02  2.2597E-02PRDIFF 3
  2.0166E-02  1.7965E-02  1.5979E-02  1.2055E-02  9.1560E-03  6.9061E-03PRDIFF 4
  5.1458E-03  3.0199E-03  1.8335E-03  1.1274E-03  6.9395E-04  2.6488E-04PRDIFF 5
SOLAR PROTONS  #ENERGIES=20   Q=90  TAU=12.0  NALE=1  EXPFCTR= 0.34
  1.0000E+01  2.0000E+01  3.0000E+01  4.0000E+01  5.0000E+01            SPNRGY 1
  6.0000E+01  7.0000E+01  8.0000E+01  9.0000E+01  1.0000E+02            SPNRGY 2
  1.1000E+02  1.2000E+02  1.3000E+02  1.4000E+02  1.5000E+02            SPNRGY 3
  1.6000E+02  1.7000E+02  1.8000E+02  1.9000E+02  2.0000E+02            SPNRGY 4
  5.7412E+09  3.9365E+09  2.6992E+09  1.8507E+09  1.2690E+09            SPFLUX 1
  8.7012E+08  5.9661E+08  4.0908E+08  2.8049E+08  1.9233E+08            SPFLUX 2
  1.3187E+08  9.0421E+07  6.1999E+07  4.2511E+07  2.9148E+07            SPFLUX 3
  1.9986E+07  1.3704E+07  9.3964E+06  6.4428E+06  4.4176E+06            SPFLUX 4
