1
0
0
0
0
0
0
0
0
0
0
0
0

                                                     ****************************
                                                     **      TEST RUNAAAA      **
                                                     ** 89DEG/ 2000KM/  2000KM **
                                                     ****************************
1
0
0
0
0
0
0
0
0
0
0
0
0

                                                     ****************************
                                                     **      TEST RUNAAAA      **
                                                     ** 89DEG/ 2000KM/  2000KM **
                                                     ****************************

1NAME  = TEST RUNAAAA
 INCL  =  89
 IPRG  =   2000
 IAPG =   2000
 ITAPE =    0
 MODEL =  1
 PERIOD=  1.500000
 BLTIME= 1975.00
 NRGLEV=  4
 NTABLS=  2
 CUTOFF= 100.50
 ISKIP=  1
 KPRINT=  1


1***********************************************************************************************************************************
 * SOFIP : SHORT ORBITAL FLUX INTEGR. PROGRAM FOR STANDARD NSSDC PROTON AND ELECTRON ENVIR. MODELS (SPECIES CONSIDERED SEPARATELY) *
 * MAGNETIC PARAMETERS B AND L COMPUTED WITH GEOMAGN. FIELD MODEL  1: HENDRICKS&CAIN 99-TERM GSFC 9/65 * COEFF. UPDATED TO: 1975.0 *
 * PROJECT :TEST RUNAAAA * INCLIN= 89DEG * PERIG= 2000KM * APOG=  2000KM * B/L TAPE=TD   0 * PERIOD=  1.500HRS * SOLAR MAXIMUM     *
 * FOR INFORMATION OR EXPLANATION CONTACT E.G. STASSINOPOULOS AT NASA-GSFC,CODE 601, GREENBELT, MARYLAND 20771, TEL.(301)-344-8067 *
 ***********************************************************************************************************************************


0                     *****   PROTONS   (E> 5.00    MEV)   *****

  LONG.    LAT.    ALT.   FIELD    LINE   ORBIT    POSITIONAL  TIME-INTEG    ORBITAL
                           -B-      -L-    TIME       FLUX     PSTNLFLUX   FLUX(SUM)
  (DEG)    (DEG)   (KM)  (GAUSS)  (E.R.)  (HRS)   #/CM**2/SEC
  -99.73   0.02   1994.0  0.14110  1.36   0.00000
 -100.23   5.70   1994.2  0.15100  1.42   0.03333   2.339E+04   2.806E+06   2.806E+06
 -100.73  11.37   1994.7  0.16342  1.51   0.06667   1.692E+04   2.031E+06   4.837E+06
 -101.23  17.05   1995.5  0.17749  1.65   0.10000   1.011E+04   1.213E+06   6.050E+06
 -101.73  22.72   1996.6  0.19234  1.84   0.13333   4.953E+03   5.944E+05   6.645E+06
 -102.24  28.39   1997.9  0.20714  2.12   0.16667   3.589E+03   4.307E+05   7.075E+06
 -102.74  34.06   1999.5  0.22114  2.51   0.20000   9.497E+02   1.140E+05   7.189E+06
 -103.24  39.73   2001.1  0.23371  3.09   0.23333   5.265E+01   6.318E+03   7.195E+06
 -103.74  45.40   2002.8  0.24437  3.96   0.26667   0.000E+00   0.000E+00   7.195E+06
 -104.24  51.06   2004.4  0.25282  5.36   0.30000   0.000E+00   0.000E+00   7.195E+06
 -104.74  56.73   2006.0  0.25896  7.78   0.33333   0.000E+00   0.000E+00   7.195E+06
 -105.24  62.39   2007.3  0.26294 12.43   0.36667   0.000E+00   0.000E+00   7.195E+06
 -105.74  68.05   2008.5 -1.00000 -1.00   0.40000   0.000E+00   0.000E+00   7.195E+06
 -106.25  73.71   2009.4 -1.00000 -1.00   0.43333   0.000E+00   0.000E+00   7.195E+06
 -106.75  79.37   2010.0 -1.00000 -1.00   0.46667   0.000E+00   0.000E+00   7.195E+06
 -107.24  85.03   2010.2 -1.00000 -1.00   0.50000   0.000E+00   0.000E+00   7.195E+06
   72.19  89.31   2010.1 -1.00000 -1.00   0.53333   0.000E+00   0.000E+00   7.195E+06
   71.74  83.65   2009.6 -1.00000 -1.00   0.56667   0.000E+00   0.000E+00   7.195E+06
   71.24  77.99   2008.8  0.26230 12.01   0.60000   0.000E+00   0.000E+00   7.195E+06
   70.74  72.33   2007.6  0.25992  7.58   0.63333   0.000E+00   0.000E+00   7.195E+06
   70.24  66.67   2006.2  0.25619  5.25   0.66667   0.000E+00   0.000E+00   7.195E+06
   69.74  61.00   2004.5  0.25076  3.87   0.70000   0.000E+00   0.000E+00   7.195E+06
   69.24  55.34   2002.6  0.24343  3.01   0.73333   8.072E+01   9.686E+03   7.205E+06
   68.74  49.67   2000.6  0.23417  2.43   0.76667   7.752E+02   9.303E+04   7.298E+06
   68.24  44.00   1998.6  0.22314  2.04   0.80000   1.557E+03   1.868E+05   7.485E+06
   67.74  38.32   1996.6  0.21069  1.76   0.83333   1.659E+03   1.990E+05   7.684E+06
   67.23  32.65   1994.7  0.19741  1.57   0.86667   4.108E+03   4.930E+05   8.177E+06
   66.73  26.97   1993.0  0.18415  1.43   0.90000   6.102E+03   7.322E+05   8.909E+06
   66.23  21.29   1991.5  0.17203  1.34   0.93333   8.266E+03   9.919E+05   9.901E+06
   65.73  15.61   1990.3  0.16230  1.29   0.96667   1.031E+04   1.237E+06   1.114E+07
   65.23   9.93   1989.4  0.15608  1.26   1.00000   1.155E+04   1.386E+06   1.252E+07
   64.73   4.25   1988.9  0.15392  1.27   1.03333   1.350E+04   1.620E+06   1.414E+07
   64.23  -1.44   1988.8  0.15554  1.31   1.06667   1.730E+04   2.076E+06   1.622E+07
   63.72  -7.12   1989.1  0.16002  1.38   1.10000   1.513E+04   1.816E+06   1.804E+07
   63.22 -12.80   1989.8  0.16619  1.49   1.13333   1.491E+04   1.789E+06   1.983E+07
   62.72 -18.48   1990.9  0.17308  1.65   1.16667   1.205E+04   1.446E+06   2.127E+07
   62.22 -24.16   1992.2  0.18010  1.87   1.20000   8.208E+03   9.850E+05   2.226E+07
   61.72 -29.84   1993.8  0.18701  2.17   1.23333   7.568E+03   9.081E+05   2.317E+07
   61.22 -35.52   1995.7  0.19380  2.57   1.26667   1.777E+03   2.133E+05   2.338E+07
   60.72 -41.19   1997.6  0.20057  3.14   1.30000   7.793E+01   9.352E+03   2.339E+07
   60.22 -46.86   1999.7  0.20739  3.94   1.33333   0.000E+00   0.000E+00   2.339E+07
   59.71 -52.53   2001.7  0.21427  5.10   1.36667   0.000E+00   0.000E+00   2.339E+07
   59.21 -58.20   2003.6  0.22116  6.87   1.40000   0.000E+00   0.000E+00   2.339E+07
   58.71 -63.86   2005.4  0.22789  9.61   1.43333   0.000E+00   0.000E+00   2.339E+07
   58.21 -69.53   2007.0  0.23425 13.83   1.46667   0.000E+00   0.000E+00   2.339E+07
   57.71 -75.19   2008.3 -1.00000 -1.00   1.50000   0.000E+00   0.000E+00   2.339E+07
   57.21 -80.85   2009.3 -1.00000 -1.00   1.53333   0.000E+00   0.000E+00   2.339E+07
   56.71 -86.51   2009.9 -1.00000 -1.00   1.56667   0.000E+00   0.000E+00   2.339E+07
 -123.80 -87.83   2010.2 -1.00000 -1.00   1.60000   0.000E+00   0.000E+00   2.339E+07
 -124.30 -82.17   2010.2 -1.00000 -1.00   1.63333   0.000E+00   0.000E+00   2.339E+07
 -124.80 -76.51   2009.7  0.24785  8.25   1.66667   0.000E+00   0.000E+00   2.339E+07
 -125.30 -70.85   2009.0  0.24372  5.93   1.70000   0.000E+00   0.000E+00   2.339E+07
 -125.80 -65.19   2007.9  0.23761  4.45   1.73333   0.000E+00   0.000E+00   2.339E+07
 -126.30 -59.53   2006.6  0.22970  3.48   1.76667   5.619E+00   6.743E+02   2.339E+07
 -126.80 -53.87   2005.2  0.22024  2.83   1.80000   3.318E+02   3.981E+04   2.343E+07
 -127.31 -48.20   2003.5  0.20956  2.37   1.83333   2.961E+03   3.553E+05   2.378E+07
 -127.81 -42.53   2001.9  0.19802  2.04   1.86667   5.884E+03   7.060E+05   2.449E+07
 -128.31 -36.87   2000.2  0.18603  1.80   1.90000   6.749E+03   8.099E+05   2.530E+07
 -128.81 -31.20   1998.6  0.17411  1.62   1.93333   1.168E+04   1.401E+06   2.670E+07
 -129.31 -25.52   1997.2  0.16288  1.50   1.96667   1.700E+04   2.040E+06   2.874E+07
 -129.81 -19.85   1996.0  0.15309  1.41   2.00000   2.143E+04   2.572E+06   3.131E+07
 -130.31 -14.18   1995.0  0.14558  1.35   2.03333   2.601E+04   3.121E+06   3.443E+07
 -130.81  -8.50   1994.3  0.14116  1.31   2.06667   3.145E+04   3.774E+06   3.821E+07
 -131.32  -2.83   1994.0  0.14041  1.31   2.10000   3.254E+04   3.904E+06   4.211E+07
 -131.82   2.85   1994.0  0.14349  1.32   2.13333   2.843E+04   3.412E+06   4.552E+07
 -132.32   8.52   1994.3  0.15006  1.37   2.16667   2.200E+04   2.640E+06   4.816E+07
 -132.82  14.20   1995.0  0.15946  1.44   2.20000   1.705E+04   2.046E+06   5.021E+07
 -133.32  19.87   1996.0  0.17088  1.55   2.23333   1.283E+04   1.539E+06   5.175E+07
 -133.82  25.55   1997.2  0.18352  1.71   2.26667   7.607E+03   9.128E+05   5.266E+07
 -134.32  31.22   1998.6  0.19666  1.93   2.30000   4.960E+03   5.952E+05   5.326E+07
 -134.83  36.89   2000.2  0.20969  2.23   2.33333   3.790E+03   4.548E+05   5.371E+07
 -135.33  42.56   2001.9  0.22206  2.67   2.36667   3.831E+02   4.597E+04   5.376E+07
 -135.83  48.22   2003.5  0.23331  3.32   2.40000   1.790E+01   2.149E+03   5.376E+07
 -136.33  53.89   2005.1  0.24308  4.32   2.43333   0.000E+00   0.000E+00   5.376E+07
 -136.83  59.55   2006.6  0.25113  5.95   2.46667   0.000E+00   0.000E+00   5.376E+07
 -137.33  65.21   2007.9  0.25734  8.83   2.50000   0.000E+00   0.000E+00   5.376E+07
 -137.83  70.87   2009.0  0.26173 14.47   2.53333   0.000E+00   0.000E+00   5.376E+07
 -138.34  76.53   2009.7 -1.00000 -1.00   2.56667   0.000E+00   0.000E+00   5.376E+07
 -138.84  82.19   2010.1 -1.00000 -1.00   2.60000   0.000E+00   0.000E+00   5.376E+07
 -139.34  87.85   2010.2 -1.00000 -1.00   2.63333   0.000E+00   0.000E+00   5.376E+07
   40.16  86.49   2009.9 -1.00000 -1.00   2.66667   0.000E+00   0.000E+00   5.376E+07
   39.66  80.83   2009.3 -1.00000 -1.00   2.70000   0.000E+00   0.000E+00   5.376E+07
   39.16  75.17   2008.3  0.25673 11.07   2.73333   0.000E+00   0.000E+00   5.376E+07
   38.66  69.51   2006.9  0.25130  7.09   2.76667   0.000E+00   0.000E+00   5.376E+07
   38.16  63.84   2005.4  0.24453  4.94   2.80000   0.000E+00   0.000E+00   5.376E+07
   37.65  58.18   2003.6  0.23644  3.68   2.83333   0.000E+00   0.000E+00   5.376E+07
   37.15  52.51   2001.6  0.22704  2.88   2.86667   1.763E+02   2.115E+04   5.378E+07
   36.65  46.84   1999.6  0.21640  2.36   2.90000   2.392E+03   2.870E+05   5.407E+07
   36.15  41.17   1997.6  0.20465  1.99   2.93333   4.933E+03   5.920E+05   5.466E+07
   35.65  35.49   1995.6  0.19205  1.74   2.96667   4.737E+03   5.685E+05   5.523E+07
   35.15  29.82   1993.8  0.17906  1.56   3.00000   9.253E+03   1.110E+06   5.634E+07
   34.65  24.14   1992.2  0.16645  1.43   3.03333   1.293E+04   1.551E+06   5.789E+07
   34.14  18.46   1990.8  0.15518  1.35   3.06667   1.748E+04   2.097E+06   5.999E+07
   33.64  12.78   1989.8  0.14634  1.31   3.10000   2.528E+04   3.034E+06   6.302E+07
   33.14   7.10   1989.1  0.14067  1.30   3.13333   3.208E+04   3.850E+06   6.687E+07
   32.64   1.41   1988.8  0.13833  1.33   3.16667   3.546E+04   4.255E+06   7.113E+07
   32.14  -4.27   1988.9  0.13873  1.38   3.20000   3.580E+04   4.296E+06   7.542E+07
   31.64  -9.95   1989.4  0.14089  1.46   3.23333   3.599E+04   4.319E+06   7.974E+07
   31.14 -15.63   1990.2  0.14391  1.58   3.26667   3.580E+04   4.297E+06   8.404E+07
   30.63 -21.31   1991.4  0.14725  1.74   3.30000   2.990E+04   3.587E+06   8.763E+07
   30.13 -26.99   1992.9  0.15084  1.94   3.33333   2.234E+04   2.681E+06   9.031E+07
   29.63 -32.67   1994.7  0.15492  2.20   3.36667   1.610E+04   1.932E+06   9.224E+07
   29.13 -38.35   1996.6  0.15992  2.53   3.40000   4.589E+03   5.507E+05   9.279E+07
   28.63 -44.02   1998.6  0.16619  2.95   3.43333   5.145E+02   6.174E+04   9.285E+07
   28.13 -49.69   2000.6  0.17394  3.50   3.46667   1.610E+01   1.932E+03   9.285E+07
   27.62 -55.36   2002.6  0.18316  4.23   3.50000   0.000E+00   0.000E+00   9.285E+07
   27.12 -61.03   2004.5  0.19363  5.26   3.53333   0.000E+00   0.000E+00   9.285E+07
   26.62 -66.69   2006.1  0.20498  6.73   3.56667   0.000E+00   0.000E+00   9.285E+07
   26.12 -72.35   2007.6  0.21673  8.87   3.60000   0.000E+00   0.000E+00   9.285E+07
   25.62 -78.01   2008.7  0.22832 11.98   3.63333   0.000E+00   0.000E+00   9.285E+07
   25.11 -83.68   2009.6  0.23912 16.03   3.66667   0.000E+00   0.000E+00   9.285E+07
   24.55 -89.33   2010.0 -1.00000 -1.00   3.70000   0.000E+00   0.000E+00   9.285E+07
 -155.87 -85.01   2010.2 -1.00000 -1.00   3.73333   0.000E+00   0.000E+00   9.285E+07
 -156.38 -79.35   2009.9 -1.00000 -1.00   3.76667   0.000E+00   0.000E+00   9.285E+07
 -156.88 -73.69   2009.3  0.26280 11.22   3.80000   0.000E+00   0.000E+00   9.285E+07
 -157.39 -68.03   2008.4  0.26189  7.90   3.83333   0.000E+00   0.000E+00   9.285E+07
 -157.89 -62.37   2007.2  0.25810  5.70   3.86667   0.000E+00   0.000E+00   9.285E+07
 -158.39 -56.70   2005.9  0.25166  4.28   3.90000   0.000E+00   0.000E+00   9.285E+07
 -158.89 -51.04   2004.3  0.24295  3.34   3.93333   1.414E+01   1.697E+03   9.285E+07
 -159.39 -45.37   2002.7  0.23238  2.70   3.96667   2.166E+02   2.600E+04   9.288E+07
 -159.89 -39.71   2001.0  0.22036  2.25   4.00000   2.248E+03   2.697E+05   9.315E+07
 -160.40 -34.04   1999.4  0.20737  1.94   4.03333   3.234E+03   3.881E+05   9.354E+07
 -160.90 -28.37   1997.9  0.19389  1.71   4.06667   4.459E+03   5.351E+05   9.407E+07
 -161.40 -22.69   1996.5  0.18057  1.55   4.10000   8.697E+03   1.044E+06   9.512E+07
 -161.90 -17.02   1995.4  0.16816  1.43   4.13333   1.203E+04   1.444E+06   9.656E+07
 -162.40 -11.34   1994.6  0.15760  1.36   4.16667   1.585E+04   1.902E+06   9.846E+07
 -162.90  -5.67   1994.1  0.14979  1.31   4.20000   2.203E+04   2.643E+06   1.011E+08
 -163.40   0.01   1993.9  0.14549  1.29   4.23333   2.392E+04   2.870E+06   1.040E+08
 -163.91   5.68   1994.1  0.14501  1.30   4.26667   2.622E+04   3.146E+06   1.071E+08
 -164.41  11.36   1994.6  0.14819  1.33   4.30000   2.325E+04   2.790E+06   1.099E+08
 -164.91  17.03   1995.4  0.15448  1.39   4.33333   1.932E+04   2.318E+06   1.122E+08
 -165.41  22.71   1996.5  0.16322  1.48   4.36667   1.583E+04   1.900E+06   1.141E+08
 -165.91  28.38   1997.9  0.17376  1.60   4.40000   1.212E+04   1.455E+06   1.156E+08
 -166.41  34.05   1999.4  0.18555  1.78   4.43333   6.605E+03   7.926E+05   1.164E+08
 -166.91  39.72   2001.0  0.19809  2.02   4.46667   6.234E+03   7.481E+05   1.171E+08
 -167.42  45.39   2002.7  0.21088  2.37   4.50000   2.844E+03   3.412E+05   1.175E+08
 -167.92  51.05   2004.4  0.22341  2.87   4.53333   2.185E+02   2.622E+04   1.175E+08
 -168.42  56.72   2005.9  0.23512  3.64   4.56667   0.000E+00   0.000E+00   1.175E+08
 -168.92  62.38   2007.3  0.24545  4.88   4.60000   0.000E+00   0.000E+00   1.175E+08
 -169.42  68.04   2008.5  0.25392  7.04   4.63333   0.000E+00   0.000E+00   1.175E+08
 -169.93  73.70   2009.4  0.26017 11.13   4.66667   0.000E+00   0.000E+00   1.175E+08
 -170.43  79.36   2010.0  0.26401 19.75   4.70000   0.000E+00   0.000E+00   1.175E+08
 -170.94  85.02   2010.2 -1.00000 -1.00   4.73333   0.000E+00   0.000E+00   1.175E+08
    8.68  89.32   2010.1 -1.00000 -1.00   4.76667   0.000E+00   0.000E+00   1.175E+08
    8.08  83.66   2009.6 -1.00000 -1.00   4.80000   0.000E+00   0.000E+00   1.175E+08
    7.58  78.00   2008.8 -1.00000 -1.00   4.83333   0.000E+00   0.000E+00   1.175E+08
    7.07  72.34   2007.6 -1.00000 -1.00   4.86667   0.000E+00   0.000E+00   1.175E+08
    6.57  66.68   2006.2  0.24412  7.26   4.90000   0.000E+00   0.000E+00   1.175E+08
    6.07  61.01   2004.5  0.23583  5.01   4.93333   0.000E+00   0.000E+00   1.175E+08
    5.57  55.35   2002.6  0.22643  3.71   4.96667   0.000E+00   0.000E+00   1.175E+08
    5.07  49.68   2000.6  0.21591  2.89   5.00000   2.468E+02   2.961E+04   1.175E+08
    4.56  44.01   1998.6  0.20428  2.35   5.03333   3.473E+03   4.168E+05   1.179E+08
    4.06  38.33   1996.5  0.19169  1.98   5.06667   7.442E+03   8.930E+05   1.188E+08
    3.56  32.66   1994.6  0.17848  1.73   5.10000   9.267E+03   1.112E+06   1.199E+08
    3.06  26.98   1992.9  0.16524  1.55   5.13333   1.592E+04   1.910E+06   1.219E+08
    2.56  21.30   1991.4  0.15280  1.44   5.16667   2.216E+04   2.659E+06   1.245E+08
    2.06  15.62   1990.2  0.14208  1.37   5.20000   3.095E+04   3.714E+06   1.282E+08
    1.56   9.94   1989.3  0.13394  1.34   5.23333   4.324E+04   5.189E+06   1.334E+08
    1.05   4.26   1988.8  0.12879  1.34   5.26667   5.425E+04   6.510E+06   1.399E+08
    0.55  -1.42   1988.7  0.12649  1.37   5.30000   6.139E+04   7.367E+06   1.473E+08
    0.05  -7.11   1989.0  0.12639  1.42   5.33333   6.353E+04   7.623E+06   1.549E+08
   -0.45 -12.79   1989.7  0.12769  1.50   5.36667   6.541E+04   7.849E+06   1.628E+08
   -0.95 -18.47   1990.7  0.12976  1.60   5.40000   6.252E+04   7.502E+06   1.703E+08
   -1.45 -24.15   1992.1  0.13233  1.73   5.43333   5.039E+04   6.047E+06   1.763E+08
   -1.96 -29.83   1993.7  0.13547  1.89   5.46667   3.780E+04   4.536E+06   1.809E+08
   -2.46 -35.51   1995.5  0.13950  2.08   5.50000   2.682E+04   3.219E+06   1.841E+08
   -2.96 -41.18   1997.5  0.14482  2.32   5.53333   1.337E+04   1.605E+06   1.857E+08
   -3.46 -46.85   1999.5  0.15179  2.62   5.56667   3.488E+03   4.185E+05   1.861E+08
   -3.96 -52.52   2001.5  0.16065  3.01   5.60000   4.325E+02   5.189E+04   1.861E+08
   -4.46 -58.19   2003.4  0.17142  3.53   5.63333   1.244E+01   1.493E+03   1.861E+08
   -4.97 -63.86   2005.2  0.18394  4.27   5.66667   0.000E+00   0.000E+00   1.861E+08
   -5.47 -69.52   2006.8  0.19784  5.36   5.70000   0.000E+00   0.000E+00   1.861E+08
   -5.97 -75.18   2008.1  0.21256  7.08   5.73333   0.000E+00   0.000E+00   1.861E+08
   -6.48 -80.84   2009.1  0.22739  9.95   5.76667   0.000E+00   0.000E+00   1.861E+08
   -6.99 -86.50   2009.8  0.24149 14.97   5.80000   0.000E+00   0.000E+00   1.861E+08
  172.57 -87.84   2010.1 -1.00000 -1.00   5.83333   0.000E+00   0.000E+00   1.861E+08
  172.04 -82.18   2010.0 -1.00000 -1.00   5.86667   0.000E+00   0.000E+00   1.861E+08
  171.53 -76.52   2009.6 -1.00000 -1.00   5.90000   0.000E+00   0.000E+00   1.861E+08
  171.03 -70.86   2008.9 -1.00000 -1.00   5.93333   0.000E+00   0.000E+00   1.861E+08
  170.53 -65.20   2007.8  0.27682 12.76   5.96667   0.000E+00   0.000E+00   1.861E+08
  170.03 -59.54   2006.6  0.27457  8.14   6.00000   0.000E+00   0.000E+00   1.861E+08
  169.52 -53.87   2005.1  0.26943  5.57   6.03333   0.000E+00   0.000E+00   1.861E+08
  169.02 -48.21   2003.5  0.26171  4.06   6.06667   0.000E+00   0.000E+00   1.861E+08
  168.52 -42.54   2001.8  0.25177  3.13   6.10000   2.427E+01   2.912E+03   1.861E+08
  168.02 -36.87   2000.2  0.23996  2.52   6.13333   3.098E+02   3.717E+04   1.862E+08
  167.52 -31.20   1998.6  0.22664  2.11   6.16667   1.148E+03   1.377E+05   1.863E+08
  167.02 -25.53   1997.2  0.21231  1.82   6.20000   1.699E+03   2.039E+05   1.865E+08
  166.51 -19.86   1996.0  0.19758  1.62   6.23333   4.241E+03   5.090E+05   1.870E+08
  166.01 -14.18   1995.0  0.18328  1.47   6.26667   7.026E+03   8.431E+05   1.879E+08
  165.51  -8.51   1994.4  0.17041  1.38   6.30000   9.470E+03   1.136E+06   1.890E+08
  165.01  -2.83   1994.0  0.16003  1.31   6.33333   1.435E+04   1.722E+06   1.907E+08
  164.51   2.84   1994.0  0.15312  1.28   6.36667   1.541E+04   1.849E+06   1.926E+08
  164.01   8.52   1994.4  0.15031  1.28   6.40000   1.676E+04   2.011E+06   1.946E+08
  163.50  14.19   1995.1  0.15174  1.30   6.43333   1.920E+04   2.304E+06   1.969E+08
  163.00  19.87   1996.0  0.15708  1.34   6.46667   1.601E+04   1.921E+06   1.988E+08
  162.50  25.54   1997.3  0.16566  1.42   6.50000   1.318E+04   1.581E+06   2.004E+08
  162.00  31.21   1998.7  0.17670  1.54   6.53333   1.022E+04   1.227E+06   2.016E+08
  161.50  36.88   2000.3  0.18939  1.70   6.56667   5.879E+03   7.055E+05   2.023E+08
  161.00  42.55   2001.9  0.20292  1.93   6.60000   3.956E+03   4.747E+05   2.028E+08
  160.50  48.22   2003.6  0.21653  2.27   6.63333   2.570E+03   3.083E+05   2.031E+08
  159.99  53.88   2005.2  0.22945  2.76   6.66667   2.798E+02   3.358E+04   2.032E+08
  159.49  59.54   2006.7  0.24098  3.52   6.70000   0.000E+00   0.000E+00   2.032E+08
  158.99  65.21   2008.0  0.25056  4.74   6.73333   0.000E+00   0.000E+00   2.032E+08
  158.49  70.87   2009.0  0.25781  6.85   6.76667   0.000E+00   0.000E+00   2.032E+08
  157.98  76.53   2009.8  0.26258 10.91   6.80000   0.000E+00   0.000E+00   2.032E+08
  157.48  82.19   2010.2  0.26496 19.77   6.83333   0.000E+00   0.000E+00   2.032E+08
  156.94  87.84   2010.2 -1.00000 -1.00   6.86667   0.000E+00   0.000E+00   2.032E+08
  -23.49  86.50   2009.9 -1.00000 -1.00   6.90000   0.000E+00   0.000E+00   2.032E+08
  -24.01  80.84   2009.3 -1.00000 -1.00   6.93333   0.000E+00   0.000E+00   2.032E+08
  -24.51  75.18   2008.2 -1.00000 -1.00   6.96667   0.000E+00   0.000E+00   2.032E+08
  -25.01  69.51   2006.9 -1.00000 -1.00   7.00000   0.000E+00   0.000E+00   2.032E+08
  -25.52  63.85   2005.3  0.24480  8.67   7.03333   0.000E+00   0.000E+00   2.032E+08
  -26.02  58.18   2003.5  0.23717  5.80   7.06667   0.000E+00   0.000E+00   2.032E+08
  -26.52  52.52   2001.6  0.22817  4.20   7.10000   0.000E+00   0.000E+00   2.032E+08
  -27.02  46.85   1999.5  0.21775  3.23   7.13333   3.263E+01   3.915E+03   2.032E+08
  -27.52  41.17   1997.5  0.20600  2.60   7.16667   1.150E+03   1.380E+05   2.033E+08
  -28.02  35.50   1995.5  0.19315  2.18   7.20000   6.441E+03   7.729E+05   2.041E+08
  -28.53  29.82   1993.7  0.17963  1.89   7.23333   8.546E+03   1.026E+06   2.051E+08
  -29.03  24.15   1992.1  0.16600  1.68   7.26667   1.601E+04   1.922E+06   2.070E+08
  -29.53  18.47   1990.7  0.15294  1.55   7.30000   2.493E+04   2.992E+06   2.100E+08
  -30.03  12.78   1989.6  0.14113  1.46   7.33333   3.559E+04   4.271E+06   2.143E+08
  -30.53   7.10   1989.0  0.13121  1.41   7.36667   5.124E+04   6.149E+06   2.204E+08
  -31.03   1.42   1988.7  0.12360  1.38   7.40000   7.102E+04   8.523E+06   2.290E+08
  -31.54  -4.26   1988.7  0.11849  1.38   7.43333   9.072E+04   1.089E+07   2.398E+08
  -32.04  -9.95   1989.2  0.11580  1.40   7.46667   1.056E+05   1.267E+07   2.525E+08
  -32.54 -15.63   1990.1  0.11529  1.44   7.50000   1.053E+05   1.263E+07   2.651E+08
  -33.04 -21.31   1991.3  0.11669  1.50   7.53333   1.059E+05   1.270E+07   2.778E+08
  -33.54 -26.99   1992.8  0.11979  1.58   7.56667   9.232E+04   1.108E+07   2.889E+08
  -34.04 -32.67   1994.5  0.12452  1.69   7.60000   7.203E+04   8.643E+06   2.976E+08
  -34.54 -38.34   1996.4  0.13093  1.83   7.63333   4.663E+04   5.596E+06   3.032E+08
  -35.05 -44.01   1998.4  0.13909  2.01   7.66667   3.093E+04   3.711E+06   3.069E+08
  -35.55 -49.69   2000.5  0.14907  2.26   7.70000   1.451E+04   1.741E+06   3.086E+08
  -36.05 -55.35   2002.5  0.16082  2.61   7.73333   3.078E+03   3.694E+05   3.090E+08
  -36.55 -61.02   2004.3  0.17414  3.10   7.76667   1.808E+02   2.170E+04   3.090E+08
  -37.05 -66.69   2006.0  0.18868  3.82   7.80000   0.000E+00   0.000E+00   3.090E+08
  -37.56 -72.35   2007.5  0.20395  4.94   7.83333   0.000E+00   0.000E+00   3.090E+08
  -38.06 -78.01   2008.7  0.21935  6.84   7.86667   0.000E+00   0.000E+00   3.090E+08
  -38.56 -83.67   2009.5  0.23423 10.41   7.90000   0.000E+00   0.000E+00   3.090E+08
  -39.15 -89.33   2010.0  0.24797 18.26   7.93333   0.000E+00   0.000E+00   3.090E+08
  140.46 -85.01   2010.1 -1.00000 -1.00   7.96667   0.000E+00   0.000E+00   3.090E+08
  139.95 -79.35   2009.9 -1.00000 -1.00   8.00000   0.000E+00   0.000E+00   3.090E+08
  139.44 -73.69   2009.3 -1.00000 -1.00   8.03333   0.000E+00   0.000E+00   3.090E+08
  138.94 -68.03   2008.5 -1.00000 -1.00   8.06667   0.000E+00   0.000E+00   3.090E+08
  138.44 -62.37   2007.3 -1.00000 -1.00   8.10000   0.000E+00   0.000E+00   3.090E+08
  137.94 -56.71   2005.9  0.28196 10.75   8.13333   0.000E+00   0.000E+00   3.090E+08
  137.44 -51.04   2004.4  0.27783  6.62   8.16667   0.000E+00   0.000E+00   3.090E+08
  136.93 -45.38   2002.7  0.27094  4.53   8.20000   0.000E+00   0.000E+00   3.090E+08
  136.43 -39.71   2001.1  0.26151  3.34   8.23333   9.277E+00   1.113E+03   3.090E+08
  135.93 -34.04   1999.5  0.24980  2.61   8.26667   1.344E+02   1.612E+04   3.090E+08
  135.43 -28.37   1998.0  0.23625  2.14   8.30000   6.402E+02   7.683E+04   3.091E+08
  134.93 -22.70   1996.7  0.22143  1.82   8.33333   9.286E+02   1.114E+05   3.092E+08
  134.43 -17.02   1995.6  0.20612  1.60   8.36667   2.805E+03   3.367E+05   3.095E+08
  133.92 -11.35   1994.8  0.19132  1.45   8.40000   4.439E+03   5.327E+05   3.101E+08
  133.42  -5.67   1994.3  0.17821  1.35   8.43333   6.083E+03   7.300E+05   3.108E+08
  132.92   0.00   1994.1  0.16809  1.28   8.46667   7.460E+03   8.952E+05   3.117E+08
  132.42   5.68   1994.3  0.16211  1.25   8.50000   7.765E+03   9.318E+05   3.126E+08
  131.92  11.35   1994.8  0.16104  1.25   8.53333   8.266E+03   9.919E+05   3.136E+08
  131.42  17.03   1995.6  0.16491  1.28   8.56667   7.997E+03   9.597E+05   3.146E+08
  130.92  22.70   1996.7  0.17306  1.33   8.60000   7.904E+03   9.485E+05   3.155E+08
  130.41  28.37   1998.0  0.18435  1.42   8.63333   5.997E+03   7.197E+05   3.163E+08
  129.91  34.04   1999.5  0.19748  1.55   8.66667   4.045E+03   4.854E+05   3.167E+08
  129.41  39.71   2001.2  0.21122  1.75   8.70000   1.552E+03   1.862E+05   3.169E+08
  128.91  45.38   2002.8  0.22449  2.02   8.73333   1.513E+03   1.816E+05   3.171E+08
  128.41  51.04   2004.5  0.23644  2.41   8.76667   8.638E+02   1.037E+05   3.172E+08
  127.91  56.71   2006.0  0.24646  2.98   8.80000   7.785E+01   9.342E+03   3.172E+08
  127.41  62.37   2007.4  0.25424  3.86   8.83333   0.000E+00   0.000E+00   3.172E+08
  126.90  68.03   2008.5  0.25973  5.29   8.86667   0.000E+00   0.000E+00   3.172E+08
  126.40  73.69   2009.4  0.26311  7.80   8.90000   0.000E+00   0.000E+00   3.172E+08
  125.90  79.35   2010.0  0.26477 12.74   8.93333   0.000E+00   0.000E+00   3.172E+08
  125.40  85.01   2010.2 -1.00000 -1.00   8.96667   0.000E+00   0.000E+00   3.172E+08
  -55.06  89.33   2010.1 -1.00000 -1.00   9.00000   0.000E+00   0.000E+00   3.172E+08
  -55.60  83.67   2009.6 -1.00000 -1.00   9.03333   0.000E+00   0.000E+00   3.172E+08
  -56.10  78.01   2008.8 -1.00000 -1.00   9.06667   0.000E+00   0.000E+00   3.172E+08
  -56.60  72.35   2007.6 -1.00000 -1.00   9.10000   0.000E+00   0.000E+00   3.172E+08
  -57.10  66.69   2006.1 -1.00000 -1.00   9.13333   0.000E+00   0.000E+00   3.172E+08
  -57.61  61.02   2004.4 -1.00000 -1.00   9.16667   0.000E+00   0.000E+00   3.172E+08
  -58.11  55.36   2002.5  0.24907  7.33   9.20000   0.000E+00   0.000E+00   3.172E+08
  -58.61  49.69   2000.5  0.24212  5.15   9.23333   0.000E+00   0.000E+00   3.172E+08
  -59.11  44.02   1998.5  0.23331  3.88   9.26667   0.000E+00   0.000E+00   3.172E+08
  -59.61  38.34   1996.4  0.22270  3.07   9.30000   7.545E+01   9.054E+03   3.172E+08
  -60.11  32.67   1994.5  0.21050  2.54   9.33333   1.219E+03   1.463E+05   3.174E+08
  -60.61  26.99   1992.8  0.19709  2.17   9.36667   5.700E+03   6.840E+05   3.181E+08
  -61.12  21.31   1991.3  0.18295  1.91   9.40000   7.922E+03   9.507E+05   3.190E+08
  -61.62  15.63   1990.1  0.16866  1.73   9.43333   1.392E+04   1.671E+06   3.207E+08
  -62.12   9.95   1989.2  0.15487  1.59   9.46667   2.421E+04   2.906E+06   3.236E+08
  -62.62   4.26   1988.7  0.14229  1.50   9.50000   3.640E+04   4.368E+06   3.280E+08
  -63.12  -1.42   1988.6  0.13166  1.43   9.53333   5.057E+04   6.069E+06   3.340E+08
  -63.62  -7.10   1988.9  0.12366  1.39   9.56667   7.097E+04   8.516E+06   3.425E+08
  -64.12 -12.78   1989.6  0.11876  1.38   9.60000   8.931E+04   1.072E+07   3.533E+08
  -64.63 -18.46   1990.7  0.11720  1.39   9.63333   9.788E+04   1.175E+07   3.650E+08
  -65.13 -24.14   1992.0  0.11888  1.43   9.66667   8.850E+04   1.062E+07   3.756E+08
  -65.63 -29.82   1993.6  0.12351  1.49   9.70000   7.796E+04   9.355E+06   3.850E+08
  -66.13 -35.50   1995.5  0.13072  1.59   9.73333   6.002E+04   7.203E+06   3.922E+08
  -66.63 -41.17   1997.4  0.14014  1.73   9.76667   3.856E+04   4.627E+06   3.968E+08
  -67.13 -46.85   1999.5  0.15140  1.92   9.80000   2.198E+04   2.638E+06   3.994E+08
  -67.63 -52.52   2001.5  0.16412  2.20   9.83333   1.336E+04   1.603E+06   4.010E+08
  -68.14 -58.18   2003.5  0.17784  2.59   9.86667   2.449E+03   2.939E+05   4.013E+08
  -68.64 -63.85   2005.3  0.19206  3.16   9.90000   7.988E+01   9.585E+03   4.014E+08
  -69.14 -69.51   2006.9  0.20621  4.04   9.93333   0.000E+00   0.000E+00   4.014E+08
  -69.64 -75.18   2008.2  0.21976  5.48   9.96667   0.000E+00   0.000E+00   4.014E+08
  -70.14 -80.84   2009.2  0.23227  8.05  10.00000   0.000E+00   0.000E+00   4.014E+08
  -70.65 -86.50   2009.9  0.24340 13.27  10.03333   0.000E+00   0.000E+00   4.014E+08
  108.86 -87.84   2010.2 -1.00000 -1.00  10.06667   0.000E+00   0.000E+00   4.014E+08
  108.36 -82.19   2010.2 -1.00000 -1.00  10.10000   0.000E+00   0.000E+00   4.014E+08
  107.85 -76.53   2009.8 -1.00000 -1.00  10.13333   0.000E+00   0.000E+00   4.014E+08
  107.35 -70.87   2009.0 -1.00000 -1.00  10.16667   0.000E+00   0.000E+00   4.014E+08
  106.85 -65.21   2008.0 -1.00000 -1.00  10.20000   0.000E+00   0.000E+00   4.014E+08
  106.35 -59.54   2006.7 -1.00000 -1.00  10.23333   0.000E+00   0.000E+00   4.014E+08
  105.85 -53.88   2005.2  0.26996  8.95  10.26667   0.000E+00   0.000E+00   4.014E+08
  105.35 -48.22   2003.6  0.26530  5.75  10.30000   0.000E+00   0.000E+00   4.014E+08
  104.85 -42.55   2002.0  0.25837  4.05  10.33333   0.000E+00   0.000E+00   4.014E+08
  104.34 -36.88   2000.3  0.24930  3.05  10.36667   4.589E+01   5.507E+03   4.014E+08
  103.84 -31.21   1998.8  0.23833  2.42  10.40000   6.269E+02   7.523E+04   4.014E+08
  103.34 -25.54   1997.4  0.22587  2.00  10.43333   1.442E+03   1.731E+05   4.016E+08
  102.84 -19.87   1996.1  0.21247  1.72  10.46667   1.370E+03   1.644E+05   4.018E+08
  102.34 -14.19   1995.2  0.19889  1.53  10.50000   3.803E+03   4.563E+05   4.022E+08
  101.84  -8.52   1994.5  0.18615  1.39  10.53333   5.086E+03   6.103E+05   4.028E+08
  101.34  -2.84   1994.2  0.17548  1.30  10.56667   7.317E+03   8.781E+05   4.037E+08
  100.83   2.83   1994.2  0.16826  1.25  10.60000   5.512E+03   6.615E+05   4.044E+08
  100.33   8.51   1994.5  0.16565  1.23  10.63333   6.117E+03   7.341E+05   4.051E+08
   99.83  14.18   1995.2  0.16820  1.25  10.66667   5.349E+03   6.418E+05   4.058E+08
   99.33  19.86   1996.2  0.17555  1.29  10.70000   5.422E+03   6.507E+05   4.064E+08
   98.83  25.53   1997.4  0.18654  1.36  10.73333   3.778E+03   4.533E+05   4.069E+08
   98.33  31.20   1998.8  0.19965  1.48  10.76667   3.216E+03   3.859E+05   4.072E+08
   97.83  36.87   2000.4  0.21337  1.65  10.80000   1.431E+03   1.717E+05   4.074E+08
   97.32  42.54   2002.0  0.22645  1.89  10.83333   7.193E+02   8.632E+04   4.075E+08
   96.82  48.20   2003.7  0.23799  2.23  10.86667   7.937E+02   9.525E+04   4.076E+08
   96.32  53.87   2005.3  0.24742  2.72  10.90000   1.015E+02   1.218E+04   4.076E+08
   95.82  59.53   2006.8  0.25452  3.46  10.93333   0.000E+00   0.000E+00   4.076E+08
   95.32  65.19   2008.0  0.25939  4.59  10.96667   0.000E+00   0.000E+00   4.076E+08
   94.82  70.85   2009.1  0.26233  6.47  11.00000   0.000E+00   0.000E+00   4.076E+08
   94.32  76.51   2009.8  0.26383  9.91  11.03333   0.000E+00   0.000E+00   4.076E+08
   93.82  82.17   2010.2  0.26446 17.18  11.06667   0.000E+00   0.000E+00   4.076E+08
   93.33  87.83   2010.3 -1.00000 -1.00  11.10000   0.000E+00   0.000E+00   4.076E+08
  -87.20  86.51   2010.0 -1.00000 -1.00  11.13333   0.000E+00   0.000E+00   4.076E+08
  -87.69  80.85   2009.3 -1.00000 -1.00  11.16667   0.000E+00   0.000E+00   4.076E+08
  -88.19  75.19   2008.3 -1.00000 -1.00  11.20000   0.000E+00   0.000E+00   4.076E+08
  -88.69  69.53   2006.9 -1.00000 -1.00  11.23333   0.000E+00   0.000E+00   4.076E+08
  -89.19  63.86   2005.4 -1.00000 -1.00  11.26667   0.000E+00   0.000E+00   4.076E+08
  -89.70  58.20   2003.5  0.26135 10.22  11.30000   0.000E+00   0.000E+00   4.076E+08
  -90.20  52.53   2001.6  0.25644  6.62  11.33333   0.000E+00   0.000E+00   4.076E+08
  -90.70  46.86   1999.6  0.24916  4.69  11.36667   0.000E+00   0.000E+00   4.076E+08
  -91.20  41.19   1997.5  0.23948  3.54  11.40000   0.000E+00   0.000E+00   4.076E+08
  -91.70  35.51   1995.5  0.22756  2.80  11.43333   3.280E+02   3.936E+04   4.076E+08
  -92.20  29.84   1993.7  0.21384  2.31  11.46667   2.706E+03   3.247E+05   4.080E+08
  -92.70  24.16   1992.1  0.19891  1.98  11.50000   5.706E+03   6.847E+05   4.087E+08
  -93.20  18.48   1990.7  0.18352  1.74  11.53333   7.276E+03   8.731E+05   4.095E+08
  -93.71  12.80   1989.7  0.16853  1.58  11.56667   1.425E+04   1.710E+06   4.112E+08
  -94.21   7.11   1989.0  0.15488  1.46  11.60000   2.106E+04   2.528E+06   4.138E+08
  -94.71   1.43   1988.7  0.14356  1.39  11.63333   2.983E+04   3.579E+06   4.173E+08
  -95.21  -4.25   1988.8  0.13544  1.35  11.66667   4.025E+04   4.830E+06   4.222E+08
  -95.71  -9.93   1989.3  0.13114  1.34  11.70000   4.874E+04   5.849E+06   4.280E+08
  -96.21 -15.62   1990.1  0.13084  1.35  11.73333   4.973E+04   5.967E+06   4.340E+08
  -96.71 -21.30   1991.3  0.13427  1.39  11.76667   4.371E+04   5.245E+06   4.392E+08
  -97.22 -26.98   1992.8  0.14082  1.45  11.80000   3.571E+04   4.286E+06   4.435E+08
  -97.72 -32.65   1994.6  0.14978  1.55  11.83333   2.815E+04   3.378E+06   4.469E+08
  -98.22 -38.33   1996.5  0.16047  1.69  11.86667   1.974E+04   2.369E+06   4.493E+08
  -98.72 -44.00   1998.5  0.17227  1.88  11.90000   1.101E+04   1.321E+06   4.506E+08
  -99.22 -49.67   2000.5  0.18466  2.15  11.93333   8.080E+03   9.696E+05   4.516E+08
  -99.72 -55.34   2002.5  0.19713  2.53  11.96667   1.978E+03   2.373E+05   4.518E+08
 -100.22 -61.01   2004.4  0.20920  3.09  12.00000   9.351E+01   1.122E+04   4.518E+08
 -100.72 -66.67   2006.1  0.22039  3.92  12.03333   0.000E+00   0.000E+00   4.518E+08
 -101.22 -72.34   2007.6  0.23027  5.23  12.06667   0.000E+00   0.000E+00   4.518E+08
 -101.72 -78.00   2008.7  0.23848  7.42  12.10000   0.000E+00   0.000E+00   4.518E+08
 -102.22 -83.66   2009.6  0.24479 11.31  12.13333   0.000E+00   0.000E+00   4.518E+08
 -102.67 -89.32   2010.1  0.24909 18.50  12.16667   0.000E+00   0.000E+00   4.518E+08
   76.76 -85.02   2010.2 -1.00000 -1.00  12.20000   0.000E+00   0.000E+00   4.518E+08
   76.26 -79.36   2010.0 -1.00000 -1.00  12.23333   0.000E+00   0.000E+00   4.518E+08
   75.76 -73.71   2009.4 -1.00000 -1.00  12.26667   0.000E+00   0.000E+00   4.518E+08
   75.26 -68.04   2008.5 -1.00000 -1.00  12.30000   0.000E+00   0.000E+00   4.518E+08
   74.76 -62.38   2007.4  0.24366 11.97  12.33333   0.000E+00   0.000E+00   4.518E+08
   74.26 -56.72   2006.0  0.23835  7.81  12.36667   0.000E+00   0.000E+00   4.518E+08
   73.76 -51.06   2004.4  0.23199  5.46  12.40000   0.000E+00   0.000E+00   4.518E+08
   73.26 -45.39   2002.8  0.22473  4.04  12.43333   0.000E+00   0.000E+00   4.518E+08
   72.76 -39.72   2001.2  0.21671  3.14  12.46667   5.375E+01   6.450E+03   4.518E+08
   72.25 -34.06   1999.5  0.20806  2.53  12.50000   1.378E+03   1.654E+05   4.520E+08
   71.75 -28.38   1998.0  0.19891  2.12  12.53333   5.008E+03   6.010E+05   4.526E+08
   71.25 -22.71   1996.7  0.18945  1.82  12.56667   5.643E+03   6.772E+05   4.533E+08
   70.75 -17.04   1995.6  0.17993  1.61  12.60000   9.393E+03   1.127E+06   4.544E+08
   70.25 -11.36   1994.8  0.17088  1.46  12.63333   1.115E+04   1.338E+06   4.557E+08
   69.75  -5.69   1994.3  0.16309  1.36  12.66667   1.260E+04   1.512E+06   4.572E+08
   69.25  -0.01   1994.1  0.15766  1.29  12.70000   1.437E+04   1.724E+06   4.590E+08
   68.75   5.66   1994.3  0.15575  1.26  12.73333   1.174E+04   1.408E+06   4.604E+08
   68.24  11.34   1994.8  0.15812  1.26  12.76667   1.027E+04   1.232E+06   4.616E+08
   67.74  17.01   1995.6  0.16474  1.29  12.80000   1.051E+04   1.261E+06   4.629E+08
   67.24  22.68   1996.7  0.17478  1.36  12.83333   7.327E+03   8.792E+05   4.637E+08
   66.74  28.36   1998.1  0.18695  1.46  12.86667   5.649E+03   6.778E+05   4.644E+08
   66.24  34.03   1999.6  0.19994  1.61  12.90000   3.809E+03   4.571E+05   4.649E+08
   65.74  39.70   2001.2  0.21268  1.83  12.93333   1.678E+03   2.014E+05   4.651E+08
   65.24  45.36   2002.9  0.22442  2.13  12.96667   1.578E+03   1.893E+05   4.653E+08
   64.74  51.03   2004.5  0.23469  2.57  13.00000   3.811E+02   4.573E+04   4.653E+08
   64.23  56.69   2006.0  0.24328  3.21  13.03333   2.016E+01   2.419E+03   4.653E+08
   63.73  62.35   2007.4  0.25013  4.20  13.06667   0.000E+00   0.000E+00   4.653E+08
   63.23  68.02   2008.6  0.25534  5.81  13.10000   0.000E+00   0.000E+00   4.653E+08
   62.73  73.68   2009.5  0.25913  8.63  13.13333   0.000E+00   0.000E+00   4.653E+08
   62.23  79.34   2010.1  0.26180 14.22  13.16667   0.000E+00   0.000E+00   4.653E+08
   61.73  84.99   2010.3 -1.00000 -1.00  13.20000   0.000E+00   0.000E+00   4.653E+08
 -118.78  89.35   2010.2 -1.00000 -1.00  13.23333   0.000E+00   0.000E+00   4.653E+08
 -119.28  83.69   2009.7 -1.00000 -1.00  13.26667   0.000E+00   0.000E+00   4.653E+08
 -119.78  78.03   2008.8 -1.00000 -1.00  13.30000   0.000E+00   0.000E+00   4.653E+08
 -120.28  72.37   2007.7 -1.00000 -1.00  13.33333   0.000E+00   0.000E+00   4.653E+08
 -120.78  66.70   2006.2 -1.00000 -1.00  13.36667   0.000E+00   0.000E+00   4.653E+08
 -121.28  61.04   2004.5  0.25864  8.39  13.40000   0.000E+00   0.000E+00   4.653E+08
 -121.78  55.37   2002.6  0.25240  5.63  13.43333   0.000E+00   0.000E+00   4.653E+08
 -122.28  49.70   2000.6  0.24391  4.08  13.46667   0.000E+00   0.000E+00   4.653E+08
 -122.79  44.03   1998.6  0.23328  3.14  13.50000   3.674E+01   4.409E+03   4.653E+08
 -123.29  38.36   1996.5  0.22085  2.53  13.53333   8.547E+02   1.026E+05   4.654E+08
 -123.79  32.68   1994.6  0.20716  2.12  13.56667   3.578E+03   4.293E+05   4.659E+08
 -124.29  27.01   1992.9  0.19286  1.83  13.60000   4.854E+03   5.824E+05   4.664E+08
 -124.79  21.33   1991.4  0.17869  1.63  13.63333   9.689E+03   1.163E+06   4.676E+08
 -125.29  15.65   1990.2  0.16550  1.49  13.66667   1.533E+04   1.839E+06   4.694E+08
 -125.79   9.96   1989.3  0.15417  1.40  13.70000   2.039E+04   2.447E+06   4.719E+08
 -126.29   4.28   1988.8  0.14564  1.34  13.73333   2.603E+04   3.124E+06   4.750E+08
 -126.80  -1.40   1988.7  0.14073  1.31  13.76667   3.205E+04   3.845E+06   4.789E+08
 -127.30  -7.08   1989.0  0.13994  1.31  13.80000   3.321E+04   3.986E+06   4.828E+08
 -127.80 -12.77   1989.7  0.14329  1.33  13.83333   2.861E+04   3.433E+06   4.863E+08
 -128.30 -18.45   1990.7  0.15030  1.38  13.86667   2.267E+04   2.721E+06   4.890E+08
 -128.80 -24.13   1992.0  0.16013  1.47  13.90000   1.732E+04   2.079E+06   4.911E+08
 -129.30 -29.81   1993.7  0.17186  1.59  13.93333   1.283E+04   1.539E+06   4.926E+08
 -129.80 -35.48   1995.5  0.18461  1.76  13.96667   6.789E+03   8.146E+05   4.934E+08
 -130.31 -41.16   1997.5  0.19765  2.00  14.00000   6.613E+03   7.935E+05   4.942E+08
 -130.81 -46.83   1999.5  0.21033  2.32  14.03333   2.976E+03   3.572E+05   4.946E+08
 -131.31 -52.50   2001.5  0.22213  2.79  14.06667   3.713E+02   4.455E+04   4.946E+08
 -131.81 -58.17   2003.5  0.23255  3.46  14.10000   8.014E+00   9.617E+02   4.946E+08
 -132.31 -63.83   2005.3  0.24117  4.46  14.13333   0.000E+00   0.000E+00   4.946E+08
 -132.81 -69.50   2006.9  0.24761  5.99  14.16667   0.000E+00   0.000E+00   4.946E+08
 -133.31 -75.16   2008.2  0.25157  8.40  14.20000   0.000E+00   0.000E+00   4.946E+08
 -133.82 -80.82   2009.2  0.25290 12.11  14.23333   0.000E+00   0.000E+00   4.946E+08
 -134.32 -86.48   2009.9 -1.00000 -1.00  14.26667   0.000E+00   0.000E+00   4.946E+08
   45.18 -87.86   2010.2 -1.00000 -1.00  14.30000   0.000E+00   0.000E+00   4.946E+08
   44.68 -82.20   2010.1 -1.00000 -1.00  14.33333   0.000E+00   0.000E+00   4.946E+08
   44.18 -76.54   2009.7 -1.00000 -1.00  14.36667   0.000E+00   0.000E+00   4.946E+08
   43.68 -70.88   2009.0 -1.00000 -1.00  14.40000   0.000E+00   0.000E+00   4.946E+08
   43.18 -65.22   2008.0  0.21467  7.94  14.43333   0.000E+00   0.000E+00   4.946E+08
   42.67 -59.56   2006.7  0.20436  5.92  14.46667   0.000E+00   0.000E+00   4.946E+08
   42.17 -53.90   2005.2  0.19423  4.57  14.50000   0.000E+00   0.000E+00   4.946E+08
   41.67 -48.23   2003.6  0.18473  3.65  14.53333   0.000E+00   0.000E+00   4.946E+08
   41.17 -42.57   2002.0  0.17615  3.00  14.56667   3.498E+02   4.197E+04   4.947E+08
   40.67 -36.90   2000.3  0.16866  2.52  14.60000   3.943E+03   4.732E+05   4.951E+08
   40.17 -31.23   1998.7  0.16221  2.17  14.63333   1.398E+04   1.677E+06   4.968E+08
   39.67 -25.56   1997.3  0.15659  1.90  14.66667   1.890E+04   2.268E+06   4.991E+08
   39.17 -19.88   1996.1  0.15155  1.69  14.70000   2.728E+04   3.273E+06   5.024E+08
   38.66 -14.21   1995.1  0.14697  1.54  14.73333   3.113E+04   3.736E+06   5.061E+08
   38.16  -8.54   1994.5  0.14306  1.43  14.76667   3.198E+04   3.838E+06   5.099E+08
   37.66  -2.86   1994.1  0.14044  1.36  14.80000   3.245E+04   3.893E+06   5.138E+08
   37.16   2.82   1994.1  0.14003  1.31  14.83333   3.321E+04   3.986E+06   5.178E+08
   36.66   8.49   1994.5  0.14268  1.30  14.86667   2.961E+04   3.554E+06   5.214E+08
   36.16  14.17   1995.1  0.14876  1.32  14.90000   2.276E+04   2.731E+06   5.241E+08
   35.66  19.84   1996.1  0.15791  1.37  14.93333   1.594E+04   1.913E+06   5.260E+08
   35.15  25.51   1997.3  0.16924  1.46  14.96667   1.191E+04   1.429E+06   5.274E+08
   34.65  31.18   1998.7  0.18167  1.60  15.00000   8.781E+03   1.054E+06   5.285E+08
   34.15  36.85   2000.3  0.19426  1.80  15.03333   4.602E+03   5.522E+05   5.290E+08
   33.65  42.52   2002.0  0.20637  2.08  15.06667   3.791E+03   4.549E+05   5.295E+08
   33.15  48.19   2003.6  0.21759  2.48  15.10000   1.288E+03   1.546E+05   5.296E+08
   32.65  53.85   2005.2  0.22773  3.08  15.13333   6.135E+01   7.362E+03   5.297E+08
   32.14  59.52   2006.7  0.23674  4.01  15.16667   0.000E+00   0.000E+00   5.297E+08
   31.64  65.18   2008.0  0.24460  5.52  15.20000   0.000E+00   0.000E+00   5.297E+08
   31.14  70.84   2009.0  0.25131  8.18  15.23333   0.000E+00   0.000E+00   5.297E+08
   30.64  76.50   2009.7  0.25684 13.39  15.26667   0.000E+00   0.000E+00   5.297E+08
   30.14  82.16   2010.1 -1.00000 -1.00  15.30000   0.000E+00   0.000E+00   5.297E+08
   29.62  87.82   2010.2 -1.00000 -1.00  15.33333   0.000E+00   0.000E+00   5.297E+08
 -150.85  86.52   2009.9 -1.00000 -1.00  15.36667   0.000E+00   0.000E+00   5.297E+08
 -151.36  80.86   2009.2 -1.00000 -1.00  15.40000   0.000E+00   0.000E+00   5.297E+08
 -151.86  75.20   2008.2 -1.00000 -1.00  15.43333   0.000E+00   0.000E+00   5.297E+08
 -152.36  69.54   2006.9  0.25828  9.83  15.46667   0.000E+00   0.000E+00   5.297E+08
 -152.87  63.88   2005.3  0.25158  6.36  15.50000   0.000E+00   0.000E+00   5.297E+08
 -153.37  58.21   2003.5  0.24279  4.49  15.53333   0.000E+00   0.000E+00   5.297E+08
 -153.87  52.54   2001.5  0.23219  3.39  15.56667   1.576E+01   1.891E+03   5.297E+08
 -154.37  46.87   1999.5  0.22022  2.70  15.60000   3.596E+02   4.316E+04   5.297E+08
 -154.87  41.20   1997.4  0.20738  2.24  15.63333   3.973E+03   4.768E+05   5.302E+08
 -155.37  35.53   1995.5  0.19426  1.93  15.66667   5.457E+03   6.549E+05   5.308E+08
 -155.88  29.85   1993.6  0.18143  1.70  15.70000   8.454E+03   1.014E+06   5.318E+08
 -156.38  24.17   1992.0  0.16948  1.55  15.73333   1.353E+04   1.624E+06   5.335E+08
 -156.88  18.49   1990.7  0.15906  1.43  15.76667   1.723E+04   2.068E+06   5.355E+08
 -157.38  12.81   1989.6  0.15090  1.36  15.80000   2.096E+04   2.515E+06   5.381E+08
 -157.88   7.13   1988.9  0.14579  1.31  15.83333   2.603E+04   3.123E+06   5.412E+08
 -158.38   1.45   1988.6  0.14444  1.29  15.86667   2.527E+04   3.032E+06   5.442E+08
 -158.88  -4.24   1988.7  0.14726  1.30  15.90000   2.456E+04   2.948E+06   5.472E+08
 -159.39  -9.92   1989.2  0.15409  1.34  15.93333   1.821E+04   2.185E+06   5.493E+08
 -159.89 -15.60   1990.1  0.16428  1.40  15.96667   1.395E+04   1.674E+06   5.510E+08
 -160.39 -21.28   1991.3  0.17686  1.51  16.00000   1.028E+04   1.234E+06   5.522E+08
 -160.89 -26.96   1992.8  0.19078  1.66  16.03333   5.543E+03   6.651E+05   5.529E+08
 -161.39 -32.64   1994.5  0.20515  1.88  16.06667   2.913E+03   3.495E+05   5.533E+08
 -161.89 -38.31   1996.4  0.21919  2.19  16.09999   2.918E+03   3.501E+05   5.536E+08
 -162.39 -43.99   1998.4  0.23231  2.63  16.13333   3.315E+02   3.978E+04   5.537E+08
 -162.90 -49.66   2000.5  0.24398  3.27  16.16666   1.620E+01   1.944E+03   5.537E+08
 -163.40 -55.33   2002.5  0.25371  4.24  16.20000   0.000E+00   0.000E+00   5.537E+08
 -163.90 -61.00   2004.4  0.26101  5.77  16.23332   0.000E+00   0.000E+00   5.537E+08
 -164.40 -66.66   2006.1  0.26546  8.22  16.26666   0.000E+00   0.000E+00   5.537E+08
 -164.90 -72.32   2007.5  0.26670 12.13  16.29999   0.000E+00   0.000E+00   5.537E+08
 -165.41 -77.98   2008.7 -1.00000 -1.00  16.33333   0.000E+00   0.000E+00   5.537E+08
 -165.91 -83.64   2009.6 -1.00000 -1.00  16.36665   0.000E+00   0.000E+00   5.537E+08
 -166.51 -89.30   2010.1 -1.00000 -1.00  16.39999   0.000E+00   0.000E+00   5.537E+08
   13.11 -85.04   2010.2 -1.00000 -1.00  16.43332   0.000E+00   0.000E+00   5.537E+08
   12.60 -79.38   2010.0 -1.00000 -1.00  16.46666   0.000E+00   0.000E+00   5.537E+08
   12.10 -73.72   2009.4  0.21354  7.90  16.49998   0.000E+00   0.000E+00   5.537E+08
   11.59 -68.06   2008.5  0.19977  5.97  16.53333   0.000E+00   0.000E+00   5.537E+08
   11.09 -62.40   2007.4  0.18655  4.69  16.56667   0.000E+00   0.000E+00   5.537E+08
   10.59 -56.73   2006.0  0.17451  3.83  16.59999   0.000E+00   0.000E+00   5.537E+08
   10.09 -51.07   2004.4  0.16407  3.21  16.63333   1.013E+02   1.215E+04   5.537E+08
    9.59 -45.40   2002.8  0.15546  2.75  16.66666   1.679E+03   2.015E+05   5.539E+08
    9.08 -39.74   2001.1  0.14866  2.41  16.70000   1.024E+04   1.228E+06   5.551E+08
    8.58 -34.07   1999.5  0.14340  2.13  16.73332   2.233E+04   2.679E+06   5.578E+08
    8.08 -28.40   1998.0  0.13929  1.91  16.76666   3.240E+04   3.888E+06   5.617E+08
    7.58 -22.73   1996.7  0.13586  1.74  16.79999   4.419E+04   5.302E+06   5.670E+08
    7.08 -17.05   1995.6  0.13282  1.60  16.83333   5.565E+04   6.678E+06   5.736E+08
    6.58 -11.38   1994.8  0.13019  1.49  16.86665   5.778E+04   6.934E+06   5.806E+08
    6.08  -5.70   1994.3  0.12839  1.41  16.89999   5.772E+04   6.926E+06   5.875E+08
    5.57  -0.03   1994.1  0.12821  1.36  16.93332   5.644E+04   6.773E+06   5.943E+08
    5.07   5.65   1994.3  0.13054  1.34  16.96666   4.999E+04   5.999E+06   6.003E+08
    4.57  11.32   1994.8  0.13595  1.34  16.99998   3.939E+04   4.727E+06   6.050E+08
    4.07  17.00   1995.6  0.14446  1.38  17.03333   2.835E+04   3.402E+06   6.084E+08
    3.57  22.67   1996.7  0.15548  1.46  17.06667   2.046E+04   2.455E+06   6.109E+08
    3.07  28.34   1998.0  0.16808  1.59  17.09999   1.483E+04   1.780E+06   6.126E+08
    2.56  34.01   1999.5  0.18133  1.79  17.13333   8.055E+03   9.666E+05   6.136E+08
    2.06  39.68   2001.1  0.19444  2.07  17.16666   6.255E+03   7.506E+05   6.144E+08
    1.56  45.35   2002.8  0.20687  2.49  17.20000   1.856E+03   2.227E+05   6.146E+08
    1.06  51.02   2004.4  0.21832  3.12  17.23332   5.845E+01   7.014E+03   6.146E+08
    0.56  56.68   2005.9  0.22865  4.10  17.26666   0.000E+00   0.000E+00   6.146E+08
    0.06  62.34   2007.3  0.23784  5.72  17.29999   0.000E+00   0.000E+00   6.146E+08
   -0.45  68.00   2008.5  0.24589  8.66  17.33333   0.000E+00   0.000E+00   6.146E+08
   -0.95  73.66   2009.3  0.25279 14.59  17.36665   0.000E+00   0.000E+00   6.146E+08
   -1.45  79.32   2009.9 -1.00000 -1.00  17.39999   0.000E+00   0.000E+00   6.146E+08
   -1.96  84.98   2010.1 -1.00000 -1.00  17.43332   0.000E+00   0.000E+00   6.146E+08
  177.68  89.36   2010.0 -1.00000 -1.00  17.46666   0.000E+00   0.000E+00   6.146E+08
  177.06  83.70   2009.5 -1.00000 -1.00  17.49998   0.000E+00   0.000E+00   6.146E+08
  176.56  78.04   2008.7  0.26326 14.62  17.53333   0.000E+00   0.000E+00   6.146E+08
  176.05  72.38   2007.5  0.25866  8.61  17.56667   0.000E+00   0.000E+00   6.146E+08
  175.55  66.71   2006.0  0.25154  5.66  17.59999   0.000E+00   0.000E+00   6.146E+08
  175.05  61.05   2004.3  0.24210  4.05  17.63333   0.000E+00   0.000E+00   6.146E+08
  174.55  55.38   2002.4  0.23077  3.09  17.66666   5.336E+01   6.403E+03   6.146E+08
  174.04  49.71   2000.4  0.21811  2.49  17.70000   1.234E+03   1.480E+05   6.147E+08
  173.54  44.04   1998.4  0.20478  2.08  17.73332   4.023E+03   4.827E+05   6.152E+08
  173.04  38.37   1996.3  0.19144  1.81  17.76666   5.268E+03   6.321E+05   6.159E+08
  172.54  32.69   1994.4  0.17877  1.61  17.79999   9.821E+03   1.179E+06   6.170E+08
  172.04  27.01   1992.7  0.16746  1.47  17.83333   1.336E+04   1.603E+06   6.186E+08
  171.54  21.33   1991.2  0.15822  1.38  17.86665   1.611E+04   1.933E+06   6.206E+08
  171.03  15.65   1990.0  0.15182  1.32  17.89999   2.015E+04   2.418E+06   6.230E+08
  170.53   9.97   1989.1  0.14904  1.28  17.93332   1.902E+04   2.282E+06   6.253E+08
  170.03   4.29   1988.7  0.15045  1.28  17.96666   1.712E+04   2.054E+06   6.273E+08
  169.53  -1.39   1988.6  0.15621  1.30  17.99998   1.699E+04   2.039E+06   6.294E+08
  169.03  -7.08   1988.9  0.16588  1.35  18.03333   1.108E+04   1.330E+06   6.307E+08
  168.53 -12.76   1989.5  0.17857  1.44  18.06667   7.823E+03   9.387E+05   6.316E+08
  168.03 -18.44   1990.6  0.19317  1.57  18.09999   5.066E+03   6.080E+05   6.322E+08
  167.52 -24.12   1991.9  0.20858  1.76  18.13333   1.872E+03   2.246E+05   6.325E+08
  167.02 -29.80   1993.6  0.22383  2.03  18.16666   1.533E+03   1.839E+05   6.327E+08
  166.52 -35.48   1995.4  0.23819  2.42  18.20000   6.447E+02   7.737E+04   6.327E+08
  166.02 -41.15   1997.4  0.25106  3.01  18.23332   6.555E+01   7.867E+03   6.327E+08
  165.52 -46.82   1999.4  0.26197  3.92  18.26666   0.000E+00   0.000E+00   6.327E+08
  165.02 -52.49   2001.5  0.27054  5.42  18.29999   0.000E+00   0.000E+00   6.327E+08
  164.51 -58.16   2003.4  0.27639  8.09  18.33333   0.000E+00   0.000E+00   6.327E+08
  164.01 -63.83   2005.3  0.27918 13.24  18.36665   0.000E+00   0.000E+00   6.327E+08
  163.51 -69.49   2006.9 -1.00000 -1.00  18.39999   0.000E+00   0.000E+00   6.327E+08
  163.01 -75.15   2008.2 -1.00000 -1.00  18.43332   0.000E+00   0.000E+00   6.327E+08
  162.50 -80.81   2009.2 -1.00000 -1.00  18.46666   0.000E+00   0.000E+00   6.327E+08
  161.98 -86.47   2009.9 -1.00000 -1.00  18.49998   0.000E+00   0.000E+00   6.327E+08
  -18.45 -87.87   2010.2 -1.00000 -1.00  18.53333   0.000E+00   0.000E+00   6.327E+08
  -18.98 -82.21   2010.2 -1.00000 -1.00  18.56667   0.000E+00   0.000E+00   6.327E+08
  -19.49 -76.55   2009.8  0.21469  6.89  18.59999   0.000E+00   0.000E+00   6.327E+08
  -19.99 -70.89   2009.1  0.19925  5.08  18.63333   0.000E+00   0.000E+00   6.327E+08
  -20.49 -65.23   2008.0  0.18440  3.98  18.66666   0.000E+00   0.000E+00   6.327E+08
  -21.00 -59.57   2006.8  0.17071  3.25  18.70000   7.190E+01   8.628E+03   6.327E+08
  -21.50 -53.90   2005.3  0.15854  2.74  18.73332   1.661E+03   1.993E+05   6.329E+08
  -22.00 -48.24   2003.7  0.14808  2.38  18.76666   1.092E+04   1.310E+06   6.343E+08
  -22.50 -42.57   2002.0  0.13934  2.11  18.79999   2.567E+04   3.081E+06   6.373E+08
  -23.00 -36.91   2000.4  0.13222  1.90  18.83333   4.140E+04   4.968E+06   6.423E+08
  -23.50 -31.24   1998.8  0.12652  1.74  18.86665   6.056E+04   7.267E+06   6.496E+08
  -24.01 -25.56   1997.4  0.12209  1.62  18.89999   8.252E+04   9.902E+06   6.595E+08
  -24.51 -19.89   1996.2  0.11890  1.52  18.93332   9.496E+04   1.139E+07   6.709E+08
  -25.01 -14.22   1995.2  0.11709  1.45  18.96666   9.821E+04   1.179E+07   6.827E+08
  -25.51  -8.54   1994.5  0.11706  1.40  18.99998   9.856E+04   1.183E+07   6.945E+08
  -26.01  -2.87   1994.2  0.11929  1.38  19.03333   8.655E+04   1.039E+07   7.049E+08
  -26.51   2.81   1994.2  0.12423  1.38  19.06667   6.847E+04   8.216E+06   7.131E+08
  -27.02   8.48   1994.5  0.13203  1.40  19.09999   4.956E+04   5.947E+06   7.190E+08
  -27.52  14.16   1995.2  0.14246  1.46  19.13333   3.398E+04   4.077E+06   7.231E+08
  -28.02  19.83   1996.1  0.15495  1.57  19.16666   2.350E+04   2.820E+06   7.259E+08
  -28.52  25.50   1997.3  0.16871  1.72  19.20000   1.396E+04   1.676E+06   7.276E+08
  -29.02  31.18   1998.8  0.18295  1.96  19.23332   8.930E+03   1.072E+06   7.287E+08
  -29.52  36.85   2000.3  0.19692  2.29  19.26666   4.684E+03   5.621E+05   7.292E+08
  -30.02  42.51   2002.0  0.21005  2.79  19.29999   5.040E+02   6.047E+04   7.293E+08
  -30.53  48.18   2003.6  0.22189  3.54  19.33333   0.000E+00   0.000E+00   7.293E+08
  -31.03  53.85   2005.2  0.23223  4.75  19.36665   0.000E+00   0.000E+00   7.293E+08
  -31.53  59.51   2006.7  0.24096  6.83  19.39999   0.000E+00   0.000E+00   7.293E+08
  -32.03  65.17   2007.9  0.24816 10.80  19.43332   0.000E+00   0.000E+00   7.293E+08
  -32.53  70.83   2009.0  0.25396 19.58  19.46666   0.000E+00   0.000E+00   7.293E+08
  -33.04  76.49   2009.7 -1.00000 -1.00  19.49998   0.000E+00   0.000E+00   7.293E+08
  -33.54  82.15   2010.1 -1.00000 -1.00  19.53333   0.000E+00   0.000E+00   7.293E+08
  -34.06  87.81   2010.1 -1.00000 -1.00  19.56667   0.000E+00   0.000E+00   7.293E+08
  145.48  86.53   2009.8 -1.00000 -1.00  19.59999   0.000E+00   0.000E+00   7.293E+08
  144.97  80.87   2009.1  0.26488 15.84  19.63333   0.000E+00   0.000E+00   7.293E+08
  144.47  75.21   2008.1  0.26270  9.13  19.66666   0.000E+00   0.000E+00   7.293E+08
  143.96  69.55   2006.8  0.25853  5.95  19.70000   0.000E+00   0.000E+00   7.293E+08
  143.46  63.88   2005.2  0.25222  4.23  19.73332   0.000E+00   0.000E+00   7.293E+08
  142.96  58.22   2003.4  0.24379  3.20  19.76666   2.110E+01   2.531E+03   7.293E+08
  142.46  52.55   2001.4  0.23343  2.55  19.79999   4.239E+02   5.087E+04   7.293E+08
  141.96  46.88   1999.4  0.22151  2.12  19.83333   1.681E+03   2.017E+05   7.296E+08
  141.45  41.21   1997.3  0.20861  1.82  19.86665   2.100E+03   2.520E+05   7.298E+08
  140.95  35.53   1995.3  0.19542  1.61  19.89999   4.804E+03   5.764E+05   7.304E+08
  140.45  29.86   1993.5  0.18284  1.46  19.93332   6.818E+03   8.181E+05   7.312E+08
  139.95  24.18   1991.9  0.17188  1.36  19.96666   8.418E+03   1.010E+06   7.322E+08
  139.45  18.50   1990.5  0.16369  1.29  19.99998   1.095E+04   1.315E+06   7.335E+08
  138.95  12.82   1989.5  0.15936  1.26  20.03333   9.354E+03   1.123E+06   7.346E+08
  138.45   7.13   1988.8  0.15970  1.25  20.06667   8.935E+03   1.072E+06   7.357E+08
  137.94   1.45   1988.5  0.16489  1.27  20.09999   7.994E+03   9.593E+05   7.367E+08
  137.44  -4.23   1988.6  0.17441  1.33  20.13333   7.430E+03   8.916E+05   7.376E+08
  136.94  -9.92   1989.1  0.18724  1.42  20.16666   5.288E+03   6.346E+05   7.382E+08
  136.44 -15.60   1990.0  0.20208  1.55  20.20000   3.168E+03   3.801E+05   7.386E+08
  135.94 -21.28   1991.2  0.21772  1.75  20.23332   1.034E+03   1.241E+05   7.387E+08
  135.44 -26.96   1992.7  0.23305  2.05  20.26666   6.584E+02   7.901E+04   7.388E+08
  134.93 -32.64   1994.4  0.24723  2.48  20.29999   1.924E+02   2.309E+04   7.388E+08
  134.43 -38.31   1996.3  0.25958  3.15  20.33333   1.745E+01   2.094E+03   7.388E+08
  133.93 -43.98   1998.4  0.26961  4.23  20.36665   0.000E+00   0.000E+00   7.388E+08
  133.43 -49.66   2000.4  0.27699  6.13  20.39999   0.000E+00   0.000E+00   7.388E+08
  132.93 -55.32   2002.4  0.28151  9.87  20.43332   0.000E+00   0.000E+00   7.388E+08
  132.43 -60.99   2004.3  0.28309 18.81  20.46666   0.000E+00   0.000E+00   7.388E+08
  131.93 -66.66   2006.1 -1.00000 -1.00  20.49998   0.000E+00   0.000E+00   7.388E+08
  131.42 -72.32   2007.5 -1.00000 -1.00  20.53333   0.000E+00   0.000E+00   7.388E+08
  130.92 -77.98   2008.7 -1.00000 -1.00  20.56667   0.000E+00   0.000E+00   7.388E+08
  130.42 -83.64   2009.6 -1.00000 -1.00  20.59999   0.000E+00   0.000E+00   7.388E+08
  129.86 -89.30   2010.1 -1.00000 -1.00  20.63333   0.000E+00   0.000E+00   7.388E+08
  -50.57 -85.04   2010.3 -1.00000 -1.00  20.66666   0.000E+00   0.000E+00   7.388E+08
  -51.08 -79.38   2010.0  0.22468  7.26  20.70000   0.000E+00   0.000E+00   7.388E+08
  -51.58 -73.72   2009.5  0.21023  5.09  20.73332   0.000E+00   0.000E+00   7.388E+08
  -52.08 -68.06   2008.6  0.19550  3.84  20.76666   0.000E+00   0.000E+00   7.388E+08
  -52.58 -62.40   2007.5  0.18095  3.05  20.79999   2.194E+02   2.633E+04   7.388E+08
  -53.09 -56.74   2006.1  0.16705  2.53  20.83333   3.933E+03   4.719E+05   7.393E+08
  -53.59 -51.07   2004.6  0.15420  2.17  20.86665   1.668E+04   2.002E+06   7.413E+08
  -54.09 -45.41   2002.9  0.14272  1.91  20.89999   2.901E+04   3.482E+06   7.448E+08
  -54.59 -39.74   2001.3  0.13288  1.73  20.93332   4.994E+04   5.992E+06   7.508E+08
  -55.09 -34.07   1999.7  0.12492  1.59  20.96666   7.587E+04   9.105E+06   7.599E+08
  -55.59 -28.40   1998.2  0.11906  1.50  20.99998   9.564E+04   1.148E+07   7.714E+08
  -56.09 -22.73   1996.9  0.11561  1.44  21.03333   1.041E+05   1.249E+07   7.839E+08
  -56.60 -17.06   1995.8  0.11493  1.40  21.06667   1.099E+05   1.319E+07   7.970E+08
  -57.10 -11.38   1994.9  0.11733  1.39  21.09999   9.642E+04   1.157E+07   8.086E+08
  -57.60  -5.71   1994.4  0.12295  1.40  21.13333   7.364E+04   8.837E+06   8.175E+08
  -58.10  -0.03   1994.3  0.13161  1.44  21.16666   5.152E+04   6.183E+06   8.236E+08
  -58.60   5.64   1994.4  0.14287  1.51  21.20000   3.600E+04   4.321E+06   8.280E+08
  -59.10  11.32   1994.9  0.15607  1.61  21.23332   2.310E+04   2.772E+06   8.307E+08
  -59.60  16.99   1995.7  0.17049  1.76  21.26666   1.254E+04   1.505E+06   8.322E+08
  -60.11  22.66   1996.8  0.18538  1.96  21.29999   8.471E+03   1.017E+06   8.333E+08
  -60.61  28.34   1998.1  0.20007  2.25  21.33333   4.732E+03   5.679E+05   8.338E+08
  -61.11  34.01   1999.6  0.21393  2.67  21.36665   5.541E+02   6.650E+04   8.339E+08
  -61.61  39.68   2001.2  0.22643  3.28  21.39999   2.335E+01   2.802E+03   8.339E+08
  -62.11  45.34   2002.9  0.23717  4.22  21.43332   0.000E+00   0.000E+00   8.339E+08
  -62.61  51.01   2004.5  0.24591  5.76  21.46666   0.000E+00   0.000E+00   8.339E+08
  -63.11  56.67   2006.0  0.25259  8.52  21.49998   0.000E+00   0.000E+00   8.339E+08
  -63.62  62.33   2007.4  0.25736 14.14  21.53333   0.000E+00   0.000E+00   8.339E+08
  -64.12  68.00   2008.6 -1.00000 -1.00  21.56667   0.000E+00   0.000E+00   8.339E+08
  -64.62  73.66   2009.4 -1.00000 -1.00  21.59999   0.000E+00   0.000E+00   8.339E+08
  -65.12  79.32   2010.0 -1.00000 -1.00  21.63333   0.000E+00   0.000E+00   8.339E+08
  -65.63  84.97   2010.2 -1.00000 -1.00  21.66666   0.000E+00   0.000E+00   8.339E+08
  113.93  89.37   2010.1 -1.00000 -1.00  21.70000   0.000E+00   0.000E+00   8.339E+08
  113.38  83.71   2009.6 -1.00000 -1.00  21.73332   0.000E+00   0.000E+00   8.339E+08
  112.88  78.05   2008.7  0.26474 11.14  21.76666   0.000E+00   0.000E+00   8.339E+08
  112.38  72.38   2007.5  0.26345  7.06  21.79999   0.000E+00   0.000E+00   8.339E+08
  111.87  66.72   2006.0  0.26071  4.91  21.83333   0.000E+00   0.000E+00   8.339E+08
  111.37  61.06   2004.3  0.25608  3.65  21.86665   0.000E+00   0.000E+00   8.339E+08
  110.87  55.39   2002.4  0.24925  2.85  21.89999   8.040E+01   9.648E+03   8.339E+08
  110.37  49.72   2000.4  0.24014  2.32  21.93332   7.179E+02   8.614E+04   8.340E+08
  109.87  44.05   1998.4  0.22894  1.95  21.96666   8.307E+02   9.969E+04   8.341E+08
  109.37  38.38   1996.3  0.21614  1.69  21.99998   1.037E+03   1.245E+05   8.342E+08
  108.86  32.70   1994.4  0.20257  1.51  22.03333   3.210E+03   3.852E+05   8.346E+08
  108.36  27.02   1992.7  0.18937  1.39  22.06667   3.920E+03   4.705E+05   8.351E+08
  107.86  21.34   1991.2  0.17795  1.30  22.09999   6.622E+03   7.947E+05   8.359E+08
  107.36  15.66   1990.0  0.16981  1.25  22.13333   4.957E+03   5.948E+05   8.365E+08
  106.86   9.98   1989.1  0.16622  1.23  22.16666   5.941E+03   7.130E+05   8.372E+08
  106.36   4.30   1988.6  0.16776  1.24  22.20000   5.456E+03   6.547E+05   8.378E+08
  105.86  -1.39   1988.5  0.17412  1.29  22.23332   5.902E+03   7.083E+05   8.385E+08
  105.35  -7.07   1988.8  0.18423  1.36  22.26666   4.397E+03   5.277E+05   8.391E+08
  104.85 -12.75   1989.5  0.19666  1.48  22.29999   3.967E+03   4.760E+05   8.395E+08
  104.35 -18.43   1990.5  0.21006  1.66  22.33333   1.740E+03   2.088E+05   8.397E+08
  103.85 -24.11   1991.9  0.22331  1.92  22.36665   1.091E+03   1.309E+05   8.399E+08
  103.35 -29.79   1993.5  0.23555  2.30  22.39999   1.013E+03   1.216E+05   8.400E+08
  102.85 -35.47   1995.4  0.24621  2.86  22.43332   8.835E+01   1.060E+04   8.400E+08
  102.35 -41.14   1997.4  0.25492  3.74  22.46666   0.000E+00   0.000E+00   8.400E+08
  101.85 -46.81   1999.4  0.26148  5.18  22.49998   0.000E+00   0.000E+00   8.400E+08
  101.34 -52.48   2001.5  0.26586  7.74  22.53333   0.000E+00   0.000E+00   8.400E+08
  100.84 -58.15   2003.4  0.26815 12.90  22.56667   0.000E+00   0.000E+00   8.400E+08
  100.34 -63.82   2005.3 -1.00000 -1.00  22.59999   0.000E+00   0.000E+00   8.400E+08
   99.84 -69.48   2006.9 -1.00000 -1.00  22.63333   0.000E+00   0.000E+00   8.400E+08
   99.34 -75.14   2008.2 -1.00000 -1.00  22.66666   0.000E+00   0.000E+00   8.400E+08
   98.84 -80.80   2009.3 -1.00000 -1.00  22.70000   0.000E+00   0.000E+00   8.400E+08
   98.34 -86.46   2009.9 -1.00000 -1.00  22.73332   0.000E+00   0.000E+00   8.400E+08
  -82.17 -87.88   2010.3 -1.00000 -1.00  22.76666   0.000E+00   0.000E+00   8.400E+08
  -82.67 -82.22   2010.3 -1.00000 -1.00  22.79999   0.000E+00   0.000E+00   8.400E+08
  -83.17 -76.56   2009.9  0.22803  6.16  22.83333   0.000E+00   0.000E+00   8.400E+08
  -83.67 -70.90   2009.1  0.21697  4.45  22.86665   0.000E+00   0.000E+00   8.400E+08
  -84.17 -65.24   2008.1  0.20507  3.42  22.89999   1.952E+01   2.343E+03   8.400E+08
  -84.67 -59.58   2006.9  0.19271  2.76  22.93332   7.613E+02   9.136E+04   8.401E+08
  -85.17 -53.91   2005.4  0.18030  2.31  22.96666   6.676E+03   8.012E+05   8.409E+08
  -85.68 -48.25   2003.8  0.16828  2.00  22.99998   1.580E+04   1.896E+06   8.428E+08
  -86.18 -42.58   2002.2  0.15704  1.78  23.03333   2.085E+04   2.502E+06   8.453E+08
  -86.68 -36.92   2000.5  0.14696  1.62  23.06667   3.204E+04   3.844E+06   8.491E+08
  -87.18 -31.25   1999.0  0.13844  1.51  23.09999   4.250E+04   5.100E+06   8.542E+08
  -87.68 -25.57   1997.5  0.13194  1.43  23.13333   4.992E+04   5.991E+06   8.602E+08
  -88.18 -19.90   1996.3  0.12800  1.38  23.16666   5.732E+04   6.878E+06   8.671E+08
  -88.68 -14.23   1995.4  0.12716  1.35  23.20000   5.855E+04   7.026E+06   8.741E+08
  -89.18  -8.55   1994.7  0.12983  1.35  23.23332   5.195E+04   6.234E+06   8.804E+08
  -89.69  -2.88   1994.3  0.13610  1.37  23.26666   3.948E+04   4.738E+06   8.851E+08
  -90.19   2.80   1994.3  0.14567  1.42  23.29999   2.863E+04   3.436E+06   8.885E+08
  -90.69   8.47   1994.7  0.15790  1.50  23.33333   2.068E+04   2.482E+06   8.910E+08
  -91.19  14.15   1995.3  0.17196  1.62  23.36665   1.272E+04   1.526E+06   8.926E+08
  -91.69  19.82   1996.3  0.18700  1.80  23.39999   6.474E+03   7.769E+05   8.933E+08
  -92.19  25.49   1997.5  0.20217  2.05  23.43332   4.860E+03   5.833E+05   8.939E+08
  -92.69  31.16   1998.9  0.21671  2.41  23.46666   2.435E+03   2.922E+05   8.942E+08
  -93.19  36.83   2000.4  0.22995  2.92  23.49998   1.340E+02   1.608E+04   8.942E+08
  -93.70  42.50   2002.1  0.24136  3.71  23.53333   0.000E+00   0.000E+00   8.942E+08
  -94.20  48.17   2003.7  0.25058  4.94  23.56667   0.000E+00   0.000E+00   8.942E+08
  -94.70  53.83   2005.3  0.25745  7.02  23.59999   0.000E+00   0.000E+00   8.942E+08
  -95.20  59.50   2006.8  0.26205 10.93  23.63333   0.000E+00   0.000E+00   8.942E+08
  -95.70  65.16   2008.0  0.26466 19.48  23.66666   0.000E+00   0.000E+00   8.942E+08
  -96.20  70.82   2009.0 -1.00000 -1.00  23.70000   0.000E+00   0.000E+00   8.942E+08
  -96.70  76.48   2009.8 -1.00000 -1.00  23.73332   0.000E+00   0.000E+00   8.942E+08
  -97.20  82.14   2010.1 -1.00000 -1.00  23.76666   0.000E+00   0.000E+00   8.942E+08
  -97.70  87.80   2010.2 -1.00000 -1.00  23.79999   0.000E+00   0.000E+00   8.942E+08
   81.78  86.54   2009.9 -1.00000 -1.00  23.83333   0.000E+00   0.000E+00   8.942E+08
   81.29  80.88   2009.2  0.26379 15.41  23.86665   0.000E+00   0.000E+00   8.942E+08
   80.79  75.22   2008.1  0.26251  9.18  23.89999   0.000E+00   0.000E+00   8.942E+08
   80.29  69.56   2006.8  0.26016  6.12  23.93332   0.000E+00   0.000E+00   8.942E+08
   79.78  63.90   2005.2  0.25625  4.40  23.96666   0.000E+00   0.000E+00   8.942E+08
   79.28  58.23   2003.4  0.25041  3.34  23.99998   1.200E+01   1.440E+03   8.942E+08
0***** PERCENT OF TOTAL LIFETIME SPENT INSIDE AND OUTSIDETRAPPED PARTICLE RADIATION BELT ****

      INNER ZONE (1.0 <= L <2.8)  :  51.53 %
                  OUTSIDE TRAPPING REGION (1.0 <= L < 1.1):   0.00 %
                  INSIDE TRAPPING REGION  (1.1 <= L < 2.8) :  51.53 %
      OUTER ZONE (2.8 <= L <= 11.0) :  26.94 %
      EXTERNAL   (L > 11.0)         :  21.53 %

 TOTAL ORBIT TIME IS :   24.00 HOURS
1***********************************************************************************************************************************
 * SOFIP : SHORT ORBITAL FLUX INTEGR. PROGRAM FOR STANDARD NSSDC PROTON AND ELECTRON ENVIR. MODELS (SPECIES CONSIDERED SEPARATELY) *
 * MAGNETIC PARAMETERS B AND L COMPUTED WITH GEOMAGN. FIELD MODEL  1: HENDRICKS&CAIN 99-TERM GSFC 9/65 * COEFF. UPDATED TO: 1975.0 *
 * PROJECT :TEST RUNAAAA * INCLIN= 89DEG * PERIG= 2000KM * APOG=  2000KM * B/L TAPE=TD   0 * PERIOD=  1.500HRS * SOLAR MAXIMUM     *
 * FOR INFORMATION OR EXPLANATION CONTACT E.G. STASSINOPOULOS AT NASA-GSFC,CODE 601, GREENBELT, MARYLAND 20771, TEL.(301)-344-8067 *
 ***********************************************************************************************************************************


+                                         ****************     PROTONS     ****************
                                          *************************************************



0                                                              **** SOLAR PROTONS ****

                                                               FOR TAU=12,Q=90: NALE=1
   *************** COMPOSITE ORBIT SPECTRUM ***************     WITH GEOMAG SHIELDING        ** EXPOSURE INDEX: ENERGY>5.000 MEV **
                                                                (EXPOSR FACTOR=0.34)

   ENERGY     AVERAGED       DIFFERENCE     AVERAGED DIFF-       ENERGY       TOTAL           INTENSITY    EXPOSURE   TOTAL # OF
   LEVELS   INTEGRAL FLUX  INTEGRAL FLUX    RENTIAL FLUX         LEVELS      FLUENCE           RANGES      DURATION   ACCUMULATED
   >(MEV)    #/CM**2/SEC  #/CM**2/SEC/DE   #/CM**2/SEC/KEV       >(MEV)      #/CM**2         #/CM**2/SEC   (HOURS)     PARTICLES

   2.000      1.504E+04      2.134E+03       2.243E+00            10.       5.741E+09         ZERO FLUX     10.100     0.000E+00
   3.000      1.291E+04      1.468E+03       1.728E+00            20.       3.937E+09         1.E0-1.E1      0.100     2.749E+03
   4.000      1.144E+04      1.089E+03       1.297E+00            30.       2.699E+09         1.E1-1.E2      1.033     1.700E+05
   5.000      1.035E+04      8.553E+02       1.002E+00            40.       1.851E+09         1.E2-1.E3      1.333     2.225E+06
   6.000      9.494E+03      1.536E+03       8.396E-01            50.       1.269E+09         1.E3-1.E4      5.000     8.745E+07
   8.000      7.959E+03      1.190E+03       6.462E-01            60.       8.701E+08         1.E4-1.E5      6.267     7.407E+08
   10.00      6.768E+03      1.519E+03       4.690E-01            70.       5.966E+08         1.E5-1.E6      0.167     6.369E+07
   15.00      5.249E+03      1.113E+03       2.529E-01            80.       4.091E+08         1.E6-1.E7      0.000     0.000E+00
   20.00      4.136E+03      4.300E+02       1.471E-01            90.       2.805E+08         1.E7-OVER      0.000     0.000E+00
   25.00      3.706E+03      3.791E+02       9.040E-02           100.       1.923E+08             TOTAL     24.000     8.942E+08
   30.00      3.327E+03      2.165E+02       5.934E-02           110.       1.319E+08
   35.00      3.110E+03      2.013E+02       4.529E-02           120.       9.042E+07
   40.00      2.909E+03      1.873E+02       3.901E-02           130.       6.200E+07
   45.00      2.722E+03      1.744E+02       3.523E-02           140.       4.251E+07
   50.00      2.547E+03      1.386E+02       3.117E-02           150.       2.915E+07
   55.00      2.409E+03      1.307E+02       2.763E-02           160.       1.999E+07
   60.00      2.278E+03      2.397E+02       2.536E-02           170.       1.370E+07
   70.00      2.038E+03      2.136E+02       2.260E-02           180.       9.396E+06
   80.00      1.825E+03      1.905E+02       2.017E-02           190.       6.443E+06
   90.00      1.634E+03      1.700E+02       1.797E-02           200.       4.418E+06
   100.0      1.464E+03      3.468E+02       1.598E-02
   125.0      1.117E+03      2.633E+02       1.206E-02
   150.0      8.541E+02      2.003E+02       9.156E-03
   175.0      6.537E+02      1.527E+02       6.906E-03
   200.0      5.010E+02      1.934E+02       5.146E-03
   250.0      3.076E+02      1.183E+02       3.020E-03
   300.0      1.893E+02      7.256E+01       1.834E-03
   350.0      1.167E+02      4.461E+01       1.127E-03
   400.0      7.213E+01      4.448E+01       6.939E-04
   500.0      2.765E+01      2.765E+01       2.649E-04

1***********************************************************************************************************************************
 * SOFIP : SHORT ORBITAL FLUX INTEGR. PROGRAM FOR STANDARD NSSDC PROTON AND ELECTRON ENVIR. MODELS (SPECIES CONSIDERED SEPARATELY) *
 * MAGNETIC PARAMETERS B AND L COMPUTED WITH GEOMAGN. FIELD MODEL  1: HENDRICKS&CAIN 99-TERM GSFC 9/65 * COEFF. UPDATED TO: 1975.0 *
 * PROJECT :TEST RUNAAAA * INCLIN= 89DEG * PERIG= 2000KM * APOG=  2000KM * B/L TAPE=TD   0 * PERIOD=  1.500HRS * SOLAR MAXIMUM     *
 * FOR INFORMATION OR EXPLANATION CONTACT E.G. STASSINOPOULOS AT NASA-GSFC,CODE 601, GREENBELT, MARYLAND 20771, TEL.(301)-344-8067 *
 ***********************************************************************************************************************************


+                                 ************************     PROTONS     ***************************
                                  ** TABLE OF PEAK AND TOTAL FLUXES PER PERIOD : ENERGY >  5.0  MEV **
                                  ********************************************************************

0             PERIOD    PEAK FLUX      POSITION AT WHICH ENCOUNTERED    ORBIT TIME    FIELD(B)    LINE(L)  TOTAL FLUX
              NUMBER    ENCOUNTERED    LONGITUDE  LATITUDE  ALTITUDE                                         PER ORBIT
                        #/CM**2/SEC      (DEG)     (DEG)      (KM)       (HOURS)      (GAUSS)     (E.R.)     #/CM**2/ORBIT

                  1     2.339E+04     -100.231      5.70     1994.18      0.03333     0.15100      1.42      2.339E+07
                  2     3.254E+04     -131.316     -2.83     1993.99      2.10000     0.14041      1.31      3.450E+07
                  3     3.599E+04       31.637     -9.95     1989.39      3.23333     0.14089      1.46      5.960E+07
                  4     6.541E+04       -0.451    -12.79     1989.68      5.36667     0.12769      1.50      6.865E+07
                  5     1.056E+05      -32.037     -9.95     1989.23      7.46667     0.11580      1.40      9.169E+07
                  6     1.059E+05      -33.040    -21.31     1991.28      7.53333     0.11669      1.50      3.938E+07
                  7     9.788E+04      -64.626    -18.46     1990.65      9.63333     0.11720      1.39      8.562E+07
                  8     4.973E+04      -96.212    -15.62     1990.13     11.73333     0.13084      1.35      4.897E+07
                  9     1.437E+04       69.247     -0.01     1994.12     12.70000     0.15766      1.29      1.361E+07
                 10     3.321E+04     -127.298     -7.08     1988.98     13.80000     0.13994      1.31      6.362E+07
                 11     2.603E+04     -157.881      7.13     1988.93     15.83333     0.14579      1.31      2.462E+07
                 12     5.778E+04        6.577    -11.38     1994.78     16.86665     0.13019      1.49      7.704E+07
                 13     9.856E+04      -25.511     -8.54     1994.54     18.99998     0.11706      1.40      9.860E+07
                 14     9.564E+04      -55.593    -28.40     1998.18     20.99998     0.11906      1.50      5.456E+07
                 15     1.099E+05      -56.596    -17.06     1995.76     21.06667     0.11493      1.40      5.615E+07
1***********************************************************************************************************************************
 * SOFIP : SHORT ORBITAL FLUX INTEGR. PROGRAM FOR STANDARD NSSDC PROTON AND ELECTRON ENVIR. MODELS (SPECIES CONSIDERED SEPARATELY) *
 * MAGNETIC PARAMETERS B AND L COMPUTED WITH GEOMAGN. FIELD MODEL  1: HENDRICKS&CAIN 99-TERM GSFC 9/65 * COEFF. UPDATED TO: 1975.0 *
 * PROJECT :TEST RUNAAAA * INCLIN= 89DEG * PERIG= 2000KM * APOG=  2000KM * B/L TAPE=TD   0 * PERIOD=  1.500HRS * SOLAR MAXIMUM     *
 * FOR INFORMATION OR EXPLANATION CONTACT E.G. STASSINOPOULOS AT NASA-GSFC,CODE 601, GREENBELT, MARYLAND 20771, TEL.(301)-344-8067 *
 ***********************************************************************************************************************************


+                                         ****************     PROTONS     ****************
                                          *************************************************



0                                                              **** SOLAR PROTONS ****

                                                               FOR TAU=12,Q=90: NALE=1
   *************** COMPOSITE ORBIT SPECTRUM ***************     WITH GEOMAG SHIELDING        ** EXPOSURE INDEX: ENERGY>5.000 MEV **
                                                                (EXPOSR FACTOR=0.34)

   ENERGY     AVERAGED       DIFFERENCE     AVERAGED DIFF-       ENERGY       TOTAL           INTENSITY    EXPOSURE   TOTAL # OF
   LEVELS   INTEGRAL FLUX  INTEGRAL FLUX    RENTIAL FLUX         LEVELS      FLUENCE           RANGES      DURATION   ACCUMULATED
   >(MEV)    #/CM**2/SEC  #/CM**2/SEC/DE   #/CM**2/SEC/KEV       >(MEV)      #/CM**2         #/CM**2/SEC   (HOURS)     PARTICLES

   2.000      1.504E+04      2.134E+03       2.243E+00            10.       5.741E+09         ZERO FLUX     10.100     0.000E+00
   3.000      1.291E+04      1.468E+03       1.728E+00            20.       3.937E+09         1.E0-1.E1      0.100     2.749E+03
   4.000      1.144E+04      1.089E+03       1.297E+00            30.       2.699E+09         1.E1-1.E2      1.033     1.700E+05
   5.000      1.035E+04      8.553E+02       1.002E+00            40.       1.851E+09         1.E2-1.E3      1.333     2.225E+06
   6.000      9.494E+03      1.536E+03       8.396E-01            50.       1.269E+09         1.E3-1.E4      5.000     8.745E+07
   8.000      7.959E+03      1.190E+03       6.462E-01            60.       8.701E+08         1.E4-1.E5      6.267     7.407E+08
   10.00      6.768E+03      1.519E+03       4.690E-01            70.       5.966E+08         1.E5-1.E6      0.167     6.369E+07
   15.00      5.249E+03      1.113E+03       2.529E-01            80.       4.091E+08         1.E6-1.E7      0.000     0.000E+00
   20.00      4.136E+03      4.300E+02       1.471E-01            90.       2.805E+08         1.E7-OVER      0.000     0.000E+00
   25.00      3.706E+03      3.791E+02       9.040E-02           100.       1.923E+08             TOTAL     24.000     8.942E+08
   30.00      3.327E+03      2.165E+02       5.934E-02           110.       1.319E+08
   35.00      3.110E+03      2.013E+02       4.529E-02           120.       9.042E+07
   40.00      2.909E+03      1.873E+02       3.901E-02           130.       6.200E+07
   45.00      2.722E+03      1.744E+02       3.523E-02           140.       4.251E+07
   50.00      2.547E+03      1.386E+02       3.117E-02           150.       2.915E+07
   55.00      2.409E+03      1.307E+02       2.763E-02           160.       1.999E+07
   60.00      2.278E+03      2.397E+02       2.536E-02           170.       1.370E+07
   70.00      2.038E+03      2.136E+02       2.260E-02           180.       9.396E+06
   80.00      1.825E+03      1.905E+02       2.017E-02           190.       6.443E+06
   90.00      1.634E+03      1.700E+02       1.797E-02           200.       4.418E+06
   100.0      1.464E+03      3.468E+02       1.598E-02
   125.0      1.117E+03      2.633E+02       1.206E-02
   150.0      8.541E+02      2.003E+02       9.156E-03
   175.0      6.537E+02      1.527E+02       6.906E-03
   200.0      5.010E+02      1.934E+02       5.146E-03
   250.0      3.076E+02      1.183E+02       3.020E-03
   300.0      1.893E+02      7.256E+01       1.834E-03
   350.0      1.167E+02      4.461E+01       1.127E-03
   400.0      7.213E+01      4.448E+01       6.939E-04
   500.0      2.765E+01      2.765E+01       2.649E-04

1***********************************************************************************************************************************
 * SOFIP : SHORT ORBITAL FLUX INTEGR. PROGRAM FOR STANDARD NSSDC PROTON AND ELECTRON ENVIR. MODELS (SPECIES CONSIDERED SEPARATELY) *
 * MAGNETIC PARAMETERS B AND L COMPUTED WITH GEOMAGN. FIELD MODEL  1: HENDRICKS&CAIN 99-TERM GSFC 9/65 * COEFF. UPDATED TO: 1975.0 *
 * PROJECT :TEST RUNAAAA * INCLIN= 89DEG * PERIG= 2000KM * APOG=  2000KM * B/L TAPE=TD   0 * PERIOD=  1.500HRS * SOLAR MAXIMUM     *
 * FOR INFORMATION OR EXPLANATION CONTACT E.G. STASSINOPOULOS AT NASA-GSFC,CODE 601, GREENBELT, MARYLAND 20771, TEL.(301)-344-8067 *
 ***********************************************************************************************************************************


+                                 ************************     PROTONS     ***************************
                                  ** TABLE OF PEAK AND TOTAL FLUXES PER PERIOD : ENERGY >  5.0  MEV **
                                  ********************************************************************

0             PERIOD    PEAK FLUX      POSITION AT WHICH ENCOUNTERED    ORBIT TIME    FIELD(B)    LINE(L)  TOTAL FLUX
              NUMBER    ENCOUNTERED    LONGITUDE  LATITUDE  ALTITUDE                                         PER ORBIT
                        #/CM**2/SEC      (DEG)     (DEG)      (KM)       (HOURS)      (GAUSS)     (E.R.)     #/CM**2/ORBIT

                  1     2.339E+04     -100.231      5.70     1994.18      0.03333     0.15100      1.42      2.339E+07
                  2     3.254E+04     -131.316     -2.83     1993.99      2.10000     0.14041      1.31      3.450E+07
                  3     3.599E+04       31.637     -9.95     1989.39      3.23333     0.14089      1.46      5.960E+07
                  4     6.541E+04       -0.451    -12.79     1989.68      5.36667     0.12769      1.50      6.865E+07
                  5     1.056E+05      -32.037     -9.95     1989.23      7.46667     0.11580      1.40      9.169E+07
                  6     1.059E+05      -33.040    -21.31     1991.28      7.53333     0.11669      1.50      3.938E+07
                  7     9.788E+04      -64.626    -18.46     1990.65      9.63333     0.11720      1.39      8.562E+07
                  8     4.973E+04      -96.212    -15.62     1990.13     11.73333     0.13084      1.35      4.897E+07
                  9     1.437E+04       69.247     -0.01     1994.12     12.70000     0.15766      1.29      1.361E+07
                 10     3.321E+04     -127.298     -7.08     1988.98     13.80000     0.13994      1.31      6.362E+07
                 11     2.603E+04     -157.881      7.13     1988.93     15.83333     0.14579      1.31      2.462E+07
                 12     5.778E+04        6.577    -11.38     1994.78     16.86665     0.13019      1.49      7.704E+07
                 13     9.856E+04      -25.511     -8.54     1994.54     18.99998     0.11706      1.40      9.860E+07
                 14     9.564E+04      -55.593    -28.40     1998.18     20.99998     0.11906      1.50      5.456E+07
                 15     1.099E+05      -56.596    -17.06     1995.76     21.06667     0.11493      1.40      5.615E+07
